[2019-07-17 21:16:21.437] [exthost] [info] extension host started
[2019-07-17 21:16:21.497] [exthost] [info] ExtensionService#_doActivateExtension vscode.debug-auto-launch {"startup":true,"activationEvent":"*"}
[2019-07-17 21:16:21.497] [exthost] [info] ExtensionService#loadCommonJSModule /usr/share/code/resources/app/extensions/debug-auto-launch/dist/extension
[2019-07-17 21:16:21.504] [exthost] [info] ExtensionService#_doActivateExtension vscode.emmet {"startup":true,"activationEvent":"*"}
[2019-07-17 21:16:21.504] [exthost] [info] ExtensionService#loadCommonJSModule /usr/share/code/resources/app/extensions/emmet/dist/extension
[2019-07-17 21:16:21.542] [exthost] [info] ExtensionService#_doActivateExtension vscode.git {"startup":true,"activationEvent":"*"}
[2019-07-17 21:16:21.542] [exthost] [info] ExtensionService#loadCommonJSModule /usr/share/code/resources/app/extensions/git/dist/main
[2019-07-17 21:16:21.732] [exthost] [info] ExtensionService#_doActivateExtension vscode.merge-conflict {"startup":true,"activationEvent":"*"}
[2019-07-17 21:16:21.732] [exthost] [info] ExtensionService#loadCommonJSModule /usr/share/code/resources/app/extensions/merge-conflict/dist/extension
[2019-07-17 21:16:21.743] [exthost] [info] ExtensionService#_doActivateExtension bierner.color-info {"startup":true,"activationEvent":"*"}
[2019-07-17 21:16:21.743] [exthost] [info] ExtensionService#loadCommonJSModule /home/admin123/.vscode/extensions/bierner.color-info-0.5.1/out/src/extension
[2019-07-17 21:16:21.853] [exthost] [info] ExtensionService#_doActivateExtension dbaeumer.vscode-eslint {"startup":true,"activationEvent":"*"}
[2019-07-17 21:16:21.853] [exthost] [info] ExtensionService#loadCommonJSModule /home/admin123/.vscode/extensions/dbaeumer.vscode-eslint-1.9.0/client/out/extension
[2019-07-17 21:16:21.927] [exthost] [info] ExtensionService#_doActivateExtension EditorConfig.EditorConfig {"startup":true,"activationEvent":"*"}
[2019-07-17 21:16:21.927] [exthost] [info] ExtensionService#loadCommonJSModule /home/admin123/.vscode/extensions/editorconfig.editorconfig-0.13.0/out/src/editorConfigMain
[2019-07-17 21:16:22.010] [exthost] [info] ExtensionService#_doActivateExtension formulahendry.auto-close-tag {"startup":true,"activationEvent":"*"}
[2019-07-17 21:16:22.011] [exthost] [info] ExtensionService#loadCommonJSModule /home/admin123/.vscode/extensions/formulahendry.auto-close-tag-0.5.6/out/src/extension
[2019-07-17 21:16:22.014] [exthost] [info] ExtensionService#_doActivateExtension formulahendry.auto-rename-tag {"startup":true,"activationEvent":"*"}
[2019-07-17 21:16:22.014] [exthost] [info] ExtensionService#loadCommonJSModule /home/admin123/.vscode/extensions/formulahendry.auto-rename-tag-0.1.0/out/src/extension
[2019-07-17 21:16:22.019] [exthost] [info] ExtensionService#_doActivateExtension pranaygp.vscode-css-peek {"startup":true,"activationEvent":"*"}
[2019-07-17 21:16:22.019] [exthost] [info] ExtensionService#loadCommonJSModule /home/admin123/.vscode/extensions/pranaygp.vscode-css-peek-3.0.2/out/client/src/extension
[2019-07-17 21:16:22.120] [exthost] [info] ExtensionService#_doActivateExtension vscode-icons-team.vscode-icons {"startup":true,"activationEvent":"*"}
[2019-07-17 21:16:22.120] [exthost] [info] ExtensionService#loadCommonJSModule /home/admin123/.vscode/extensions/vscode-icons-team.vscode-icons-8.8.0/out/src/
[2019-07-17 21:16:22.290] [exthost] [info] eager extensions activated
[2019-07-17 21:16:41.375] [exthost] [info] extension host started
[2019-07-17 21:16:41.410] [exthost] [info] ExtensionService#_doActivateExtension vscode.debug-auto-launch {"startup":true,"activationEvent":"*"}
[2019-07-17 21:16:41.410] [exthost] [info] ExtensionService#loadCommonJSModule /usr/share/code/resources/app/extensions/debug-auto-launch/dist/extension
[2019-07-17 21:16:41.418] [exthost] [info] ExtensionService#_doActivateExtension vscode.emmet {"startup":true,"activationEvent":"*"}
[2019-07-17 21:16:41.418] [exthost] [info] ExtensionService#loadCommonJSModule /usr/share/code/resources/app/extensions/emmet/dist/extension
[2019-07-17 21:16:41.454] [exthost] [info] ExtensionService#_doActivateExtension vscode.git {"startup":true,"activationEvent":"*"}
[2019-07-17 21:16:41.454] [exthost] [info] ExtensionService#loadCommonJSModule /usr/share/code/resources/app/extensions/git/dist/main
[2019-07-17 21:16:41.613] [exthost] [info] ExtensionService#_doActivateExtension vscode.merge-conflict {"startup":true,"activationEvent":"*"}
[2019-07-17 21:16:41.613] [exthost] [info] ExtensionService#loadCommonJSModule /usr/share/code/resources/app/extensions/merge-conflict/dist/extension
[2019-07-17 21:16:41.621] [exthost] [info] ExtensionService#_doActivateExtension bierner.color-info {"startup":true,"activationEvent":"*"}
[2019-07-17 21:16:41.621] [exthost] [info] ExtensionService#loadCommonJSModule /home/admin123/.vscode/extensions/bierner.color-info-0.5.1/out/src/extension
[2019-07-17 21:16:41.668] [exthost] [info] ExtensionService#_doActivateExtension dbaeumer.vscode-eslint {"startup":true,"activationEvent":"*"}
[2019-07-17 21:16:41.668] [exthost] [info] ExtensionService#loadCommonJSModule /home/admin123/.vscode/extensions/dbaeumer.vscode-eslint-1.9.0/client/out/extension
[2019-07-17 21:16:41.725] [exthost] [info] ExtensionService#_doActivateExtension EditorConfig.EditorConfig {"startup":true,"activationEvent":"*"}
[2019-07-17 21:16:41.725] [exthost] [info] ExtensionService#loadCommonJSModule /home/admin123/.vscode/extensions/editorconfig.editorconfig-0.13.0/out/src/editorConfigMain
[2019-07-17 21:16:41.759] [exthost] [info] ExtensionService#_doActivateExtension formulahendry.auto-close-tag {"startup":true,"activationEvent":"*"}
[2019-07-17 21:16:41.759] [exthost] [info] ExtensionService#loadCommonJSModule /home/admin123/.vscode/extensions/formulahendry.auto-close-tag-0.5.6/out/src/extension
[2019-07-17 21:16:41.761] [exthost] [info] ExtensionService#_doActivateExtension formulahendry.auto-rename-tag {"startup":true,"activationEvent":"*"}
[2019-07-17 21:16:41.761] [exthost] [info] ExtensionService#loadCommonJSModule /home/admin123/.vscode/extensions/formulahendry.auto-rename-tag-0.1.0/out/src/extension
[2019-07-17 21:16:41.764] [exthost] [info] ExtensionService#_doActivateExtension pranaygp.vscode-css-peek {"startup":true,"activationEvent":"*"}
[2019-07-17 21:16:41.764] [exthost] [info] ExtensionService#loadCommonJSModule /home/admin123/.vscode/extensions/pranaygp.vscode-css-peek-3.0.2/out/client/src/extension
[2019-07-17 21:16:41.817] [exthost] [info] ExtensionService#_doActivateExtension vscode-icons-team.vscode-icons {"startup":true,"activationEvent":"*"}
[2019-07-17 21:16:41.817] [exthost] [info] ExtensionService#loadCommonJSModule /home/admin123/.vscode/extensions/vscode-icons-team.vscode-icons-8.8.0/out/src/
[2019-07-17 21:16:41.915] [exthost] [info] eager extensions activated
[2019-07-17 21:17:03.018] [exthost] [info] ExtensionService#_doActivateExtension vscode.typescript-language-features {"startup":false,"activationEvent":"onLanguage:javascript"}
[2019-07-17 21:17:03.018] [exthost] [info] ExtensionService#loadCommonJSModule /usr/share/code/resources/app/extensions/typescript-language-features/dist/extension
[2019-07-17 21:17:11.497] [exthost] [info] ExtensionService#_doActivateExtension vscode.extension-editing {"startup":false,"activationEvent":"onLanguage:typescript"}
[2019-07-17 21:17:11.497] [exthost] [info] ExtensionService#loadCommonJSModule /usr/share/code/resources/app/extensions/extension-editing/dist/extension
[2019-07-17 21:53:44.629] [exthost] [info] ExtensionService#_doActivateExtension vscode.css-language-features {"startup":false,"activationEvent":"onLanguage:css"}
[2019-07-17 21:53:44.629] [exthost] [info] ExtensionService#loadCommonJSModule /usr/share/code/resources/app/extensions/css-language-features/client/dist/cssMain
