Initializing document watcher...
Detected change in configuration: {}
shopping-cart-tutorial/api/routes/products.js: {}
shopping-cart-tutorial/api/routes/users.js: {}
shopping-cart-tutorial/api/routes/carts.js: {}
shopping-cart-tutorial/api/routes/users.js: {}
shopping-cart-tutorial/api/routes/users.js: Using EditorConfig core...
shopping-cart-tutorial/api/routes/users.js: Using EditorConfig core...
shopping-cart-tutorial/api/routes/users.js: Using EditorConfig core...
shopping-cart-tutorial/api/routes/carts.js: {}
shopping-cart-tutorial/api/routes/carts.js: Using EditorConfig core...
shopping-cart-tutorial/api/routes/carts.js: Using EditorConfig core...
shopping-cart-tutorial/api/routes/carts.js: Using EditorConfig core...
shopping-cart-tutorial/api/routes/carts.js: Using EditorConfig core...
shopping-cart-tutorial/api/routes/carts.js: Using EditorConfig core...
shopping-cart-tutorial/api/routes/carts.js: Using EditorConfig core...
shopping-cart-tutorial/api/routes/carts.js: Using EditorConfig core...
shopping-cart-tutorial/api/routes/carts.js: Using EditorConfig core...
shopping-cart-tutorial/api/routes/carts.js: Using EditorConfig core...
shopping-cart-tutorial/api/routes/carts.js: Using EditorConfig core...
shopping-cart-tutorial/api/routes/carts.js: Using EditorConfig core...
shopping-cart-tutorial/api/routes/carts.js: Using EditorConfig core...
shopping-cart-tutorial/api/routes/carts.js: Using EditorConfig core...
shopping-cart-tutorial/api/routes/carts.js: Using EditorConfig core...
shopping-cart-tutorial/api/routes/carts.js: Using EditorConfig core...
shopping-cart-tutorial/api/routes/carts.js: Using EditorConfig core...
shopping-cart-tutorial/api/routes/carts.js: Using EditorConfig core...
shopping-cart-tutorial/api/routes/carts.js: Using EditorConfig core...
shopping-cart-tutorial/api/routes/carts.js: {}
shopping-cart-tutorial/api/routes/users.js: {}
shopping-cart-tutorial/api/routes/carts.js: {}
shopping-cart-tutorial/api/routes/carts.js: Using EditorConfig core...
shopping-cart-tutorial/api/routes/carts.js: Using EditorConfig core...
shopping-cart-tutorial/api/routes/carts.js: Using EditorConfig core...
shopping-cart-tutorial/api/routes/carts.js: Using EditorConfig core...
shopping-cart-tutorial/api/routes/carts.js: Using EditorConfig core...
shopping-cart-tutorial/api/routes/carts.js: Using EditorConfig core...
shopping-cart-tutorial/api/routes/carts.js: Using EditorConfig core...
shopping-cart-tutorial/api/routes/carts.js: Using EditorConfig core...
shopping-cart-tutorial/api/routes/carts.js: Using EditorConfig core...
shopping-cart-tutorial/api/routes/carts.js: Using EditorConfig core...
shopping-cart-tutorial/api/routes/carts.js: Using EditorConfig core...
shopping-cart-tutorial/api/routes/carts.js: Using EditorConfig core...
shopping-cart-tutorial/api/routes/carts.js: Using EditorConfig core...
shopping-cart-tutorial/api/routes/carts.js: Using EditorConfig core...
shopping-cart-tutorial/api/routes/carts.js: Using EditorConfig core...
shopping-cart-tutorial/api/routes/carts.js: Using EditorConfig core...
shopping-cart-tutorial/api/routes/carts.js: {}
shopping-cart-tutorial/api/routes/users.js: {}
shopping-cart-tutorial/api/routes/users.js: Using EditorConfig core...
shopping-cart-tutorial/api/routes/carts.js: {}
shopping-cart-tutorial/api/routes/users.js: {}
shopping-cart-tutorial/api/routes/users.js: Using EditorConfig core...
shopping-cart-tutorial/api/routes/users.js: Using EditorConfig core...
shopping-cart-tutorial/api/routes/users.js: Using EditorConfig core...
shopping-cart-tutorial/api/routes/users.js: Using EditorConfig core...
shopping-cart-tutorial/api/routes/users.js: Using EditorConfig core...
shopping-cart-tutorial/api/routes/users.js: Using EditorConfig core...
shopping-cart-tutorial/api/routes/users.js: Using EditorConfig core...
shopping-cart-tutorial/api/routes/users.js: Using EditorConfig core...
shopping-cart-tutorial/api/routes/users.js: Using EditorConfig core...
shopping-cart-tutorial/api/routes/users.js: Using EditorConfig core...
shopping-cart-tutorial/api/routes/users.js: Using EditorConfig core...
shopping-cart-tutorial/api/routes/users.js: Using EditorConfig core...
shopping-cart-tutorial/api/routes/users.js: Using EditorConfig core...
shopping-cart-tutorial/api/routes/users.js: Using EditorConfig core...
shopping-cart-tutorial/api/routes/users.js: Using EditorConfig core...
shopping-cart-tutorial/api/routes/users.js: Using EditorConfig core...
shopping-cart-tutorial/api/routes/users.js: Using EditorConfig core...
shopping-cart-tutorial/api/routes/users.js: Using EditorConfig core...
shopping-cart-tutorial/api/routes/users.js: Using EditorConfig core...
shopping-cart-tutorial/api/routes/users.js: Using EditorConfig core...
shopping-cart-tutorial/api/routes/users.js: Using EditorConfig core...
shopping-cart-tutorial/api/routes/users.js: Using EditorConfig core...
shopping-cart-tutorial/api/routes/users.js: Using EditorConfig core...
shopping-cart-tutorial/api/routes/users.js: Using EditorConfig core...
shopping-cart-tutorial/api/routes/users.js: {}
shopping-cart-tutorial/api/routes/users.js: {}
shopping-cart-tutorial/api/routes/users.js: Using EditorConfig core...
shopping-cart-tutorial/api/routes/users.js: Using EditorConfig core...
shopping-cart-tutorial/api/routes/users.js: {}
shopping-cart-tutorial/api/routes/users.js: Using EditorConfig core...
shopping-cart-tutorial/api/routes/users.js: Using EditorConfig core...
shopping-cart-tutorial/api/routes/users.js: Using EditorConfig core...
shopping-cart-tutorial/api/routes/users.js: Using EditorConfig core...
shopping-cart-tutorial/api/routes/users.js: Using EditorConfig core...
shopping-cart-tutorial/api/routes/users.js: Using EditorConfig core...
shopping-cart-tutorial/api/routes/users.js: Using EditorConfig core...
shopping-cart-tutorial/api/routes/users.js: Using EditorConfig core...
shopping-cart-tutorial/api/routes/users.js: Using EditorConfig core...
shopping-cart-tutorial/api/routes/users.js: Using EditorConfig core...
shopping-cart-tutorial/api/routes/users.js: Using EditorConfig core...
shopping-cart-tutorial/api/routes/users.js: Using EditorConfig core...
shopping-cart-tutorial/api/routes/users.js: Using EditorConfig core...
shopping-cart-tutorial/api/routes/users.js: Using EditorConfig core...
shopping-cart-tutorial/api/routes/users.js: Using EditorConfig core...
shopping-cart-tutorial/api/routes/users.js: Using EditorConfig core...
shopping-cart-tutorial/api/routes/users.js: Using EditorConfig core...
shopping-cart-tutorial/api/routes/users.js: Using EditorConfig core...
shopping-cart-tutorial/api/routes/users.js: Using EditorConfig core...
shopping-cart-tutorial/api/routes/users.js: Using EditorConfig core...
shopping-cart-tutorial/api/routes/users.js: Using EditorConfig core...
shopping-cart-tutorial/api/routes/users.js: Using EditorConfig core...
shopping-cart-tutorial/api/routes/users.js: Using EditorConfig core...
shopping-cart-tutorial/api/routes/users.js: Using EditorConfig core...
shopping-cart-tutorial/api/routes/users.js: Using EditorConfig core...
shopping-cart-tutorial/api/routes/users.js: Using EditorConfig core...
shopping-cart-tutorial/api/routes/users.js: Using EditorConfig core...
shopping-cart-tutorial/api/routes/users.js: Using EditorConfig core...
shopping-cart-tutorial/api/routes/users.js: Using EditorConfig core...
shopping-cart-tutorial/api/routes/users.js: Using EditorConfig core...
shopping-cart-tutorial/api/routes/users.js: Using EditorConfig core...
shopping-cart-tutorial/api/routes/users.js: Using EditorConfig core...
shopping-cart-tutorial/api/routes/users.js: Using EditorConfig core...
shopping-cart-tutorial/api/routes/users.js: Using EditorConfig core...
shopping-cart-tutorial/api/routes/users.js: Using EditorConfig core...
shopping-cart-tutorial/api/routes/users.js: Using EditorConfig core...
shopping-cart-tutorial/api/routes/users.js: Using EditorConfig core...
shopping-cart-tutorial/api/routes/users.js: Using EditorConfig core...
shopping-cart-tutorial/api/routes/users.js: Using EditorConfig core...
shopping-cart-tutorial/api/routes/users.js: Using EditorConfig core...
shopping-cart-tutorial/api/routes/users.js: Using EditorConfig core...
shopping-cart-tutorial/api/routes/users.js: {}
shopping-cart-tutorial/api/views/user/signin.ejs: {}
shopping-cart-tutorial/api/views/user/signin.ejs: {}
shopping-cart-tutorial/api/views/user/signin.ejs: {}
shopping-cart-tutorial/api/routes/users.js: {}
shopping-cart-tutorial/api/views/user/signin.ejs: {}
shopping-cart-tutorial/api/views/user/signin.ejs: Using EditorConfig core...
shopping-cart-tutorial/api/views/user/signin.ejs: Using EditorConfig core...
shopping-cart-tutorial/api/views/user/signin.ejs: Using EditorConfig core...
shopping-cart-tutorial/api/views/user/signin.ejs: Using EditorConfig core...
shopping-cart-tutorial/api/views/user/signin.ejs: Using EditorConfig core...
shopping-cart-tutorial/api/views/user/signin.ejs: Using EditorConfig core...
shopping-cart-tutorial/api/views/user/signin.ejs: {}
shopping-cart-tutorial/api/routes/carts.js: {}
shopping-cart-tutorial/api/routes/users.js: {}
shopping-cart-tutorial/api/routes/users.js: {}
shopping-cart-tutorial/api/routes/users.js: Using EditorConfig core...
shopping-cart-tutorial/api/routes/users.js: Using EditorConfig core...
shopping-cart-tutorial/api/routes/users.js: Using EditorConfig core...
shopping-cart-tutorial/api/routes/users.js: Using EditorConfig core...
shopping-cart-tutorial/api/routes/users.js: Using EditorConfig core...
shopping-cart-tutorial/api/routes/users.js: Using EditorConfig core...
shopping-cart-tutorial/api/routes/users.js: Using EditorConfig core...
shopping-cart-tutorial/api/routes/users.js: Using EditorConfig core...
shopping-cart-tutorial/api/routes/users.js: Using EditorConfig core...
shopping-cart-tutorial/api/routes/users.js: Using EditorConfig core...
shopping-cart-tutorial/api/routes/users.js: Using EditorConfig core...
shopping-cart-tutorial/api/routes/users.js: Using EditorConfig core...
shopping-cart-tutorial/api/routes/users.js: {}
shopping-cart-tutorial/api/routes/users.js: {}
shopping-cart-tutorial/api/routes/users.js: Using EditorConfig core...
shopping-cart-tutorial/api/routes/users.js: Using EditorConfig core...
shopping-cart-tutorial/api/routes/users.js: Using EditorConfig core...
shopping-cart-tutorial/api/routes/users.js: Using EditorConfig core...
shopping-cart-tutorial/api/routes/users.js: Using EditorConfig core...
shopping-cart-tutorial/api/routes/users.js: Using EditorConfig core...
shopping-cart-tutorial/api/routes/users.js: Using EditorConfig core...
shopping-cart-tutorial/api/routes/users.js: Using EditorConfig core...
shopping-cart-tutorial/api/routes/users.js: Using EditorConfig core...
shopping-cart-tutorial/api/routes/users.js: Using EditorConfig core...
shopping-cart-tutorial/api/routes/users.js: Using EditorConfig core...
shopping-cart-tutorial/api/routes/users.js: Using EditorConfig core...
shopping-cart-tutorial/api/routes/users.js: Using EditorConfig core...
shopping-cart-tutorial/api/routes/users.js: Using EditorConfig core...
shopping-cart-tutorial/api/routes/users.js: Using EditorConfig core...
shopping-cart-tutorial/api/routes/users.js: Using EditorConfig core...
shopping-cart-tutorial/api/routes/users.js: Using EditorConfig core...
shopping-cart-tutorial/api/routes/users.js: Using EditorConfig core...
shopping-cart-tutorial/api/routes/users.js: Using EditorConfig core...
shopping-cart-tutorial/api/routes/users.js: {}
shopping-cart-tutorial/api/routes/users.js: Using EditorConfig core...
shopping-cart-tutorial/api/routes/users.js: Using EditorConfig core...
shopping-cart-tutorial/api/routes/users.js: Using EditorConfig core...
shopping-cart-tutorial/api/routes/users.js: Using EditorConfig core...
shopping-cart-tutorial/api/routes/users.js: Using EditorConfig core...
shopping-cart-tutorial/api/routes/users.js: Using EditorConfig core...
shopping-cart-tutorial/api/routes/users.js: Using EditorConfig core...
shopping-cart-tutorial/api/routes/users.js: Using EditorConfig core...
shopping-cart-tutorial/api/routes/users.js: Using EditorConfig core...
shopping-cart-tutorial/api/routes/users.js: Using EditorConfig core...
shopping-cart-tutorial/api/routes/users.js: Using EditorConfig core...
shopping-cart-tutorial/api/routes/users.js: Using EditorConfig core...
shopping-cart-tutorial/api/routes/users.js: Using EditorConfig core...
shopping-cart-tutorial/api/routes/users.js: Using EditorConfig core...
shopping-cart-tutorial/api/routes/users.js: Using EditorConfig core...
shopping-cart-tutorial/api/routes/users.js: Using EditorConfig core...
shopping-cart-tutorial/api/routes/users.js: {}
shopping-cart-tutorial/api/routes/users.js: {}
shopping-cart-tutorial/api/routes/users.js: Using EditorConfig core...
shopping-cart-tutorial/api/routes/users.js: Using EditorConfig core...
shopping-cart-tutorial/api/routes/users.js: Using EditorConfig core...
shopping-cart-tutorial/api/routes/users.js: Using EditorConfig core...
shopping-cart-tutorial/api/routes/users.js: Using EditorConfig core...
shopping-cart-tutorial/api/routes/users.js: Using EditorConfig core...
shopping-cart-tutorial/api/routes/users.js: Using EditorConfig core...
shopping-cart-tutorial/api/routes/users.js: Using EditorConfig core...
shopping-cart-tutorial/api/routes/users.js: Using EditorConfig core...
shopping-cart-tutorial/api/routes/users.js: Using EditorConfig core...
shopping-cart-tutorial/api/routes/users.js: Using EditorConfig core...
shopping-cart-tutorial/api/routes/users.js: Using EditorConfig core...
shopping-cart-tutorial/api/routes/users.js: Using EditorConfig core...
shopping-cart-tutorial/api/routes/users.js: Using EditorConfig core...
shopping-cart-tutorial/api/routes/users.js: Using EditorConfig core...
shopping-cart-tutorial/api/routes/users.js: Using EditorConfig core...
shopping-cart-tutorial/api/routes/users.js: Using EditorConfig core...
shopping-cart-tutorial/api/routes/users.js: Using EditorConfig core...
shopping-cart-tutorial/api/routes/users.js: Using EditorConfig core...
shopping-cart-tutorial/api/routes/users.js: Using EditorConfig core...
shopping-cart-tutorial/api/routes/users.js: Using EditorConfig core...
shopping-cart-tutorial/api/routes/users.js: Using EditorConfig core...
shopping-cart-tutorial/api/routes/users.js: {}
shopping-cart-tutorial/api/routes/users.js: Using EditorConfig core...
shopping-cart-tutorial/api/routes/users.js: Using EditorConfig core...
shopping-cart-tutorial/api/routes/users.js: Using EditorConfig core...
shopping-cart-tutorial/api/routes/users.js: Using EditorConfig core...
shopping-cart-tutorial/api/routes/users.js: Using EditorConfig core...
shopping-cart-tutorial/api/routes/users.js: Using EditorConfig core...
shopping-cart-tutorial/api/routes/users.js: Using EditorConfig core...
shopping-cart-tutorial/api/routes/users.js: Using EditorConfig core...
shopping-cart-tutorial/api/routes/users.js: Using EditorConfig core...
shopping-cart-tutorial/api/routes/users.js: Using EditorConfig core...
shopping-cart-tutorial/api/routes/users.js: Using EditorConfig core...
shopping-cart-tutorial/api/routes/users.js: Using EditorConfig core...
shopping-cart-tutorial/api/routes/users.js: Using EditorConfig core...
shopping-cart-tutorial/api/routes/users.js: Using EditorConfig core...
shopping-cart-tutorial/api/routes/users.js: Using EditorConfig core...
shopping-cart-tutorial/api/routes/users.js: Using EditorConfig core...
shopping-cart-tutorial/api/routes/users.js: Using EditorConfig core...
shopping-cart-tutorial/api/routes/users.js: Using EditorConfig core...
shopping-cart-tutorial/api/routes/users.js: Using EditorConfig core...
shopping-cart-tutorial/api/routes/users.js: Using EditorConfig core...
shopping-cart-tutorial/api/routes/users.js: Using EditorConfig core...
shopping-cart-tutorial/api/routes/users.js: Using EditorConfig core...
shopping-cart-tutorial/api/routes/users.js: Using EditorConfig core...
shopping-cart-tutorial/api/routes/users.js: Using EditorConfig core...
shopping-cart-tutorial/api/routes/users.js: Using EditorConfig core...
shopping-cart-tutorial/api/routes/users.js: Using EditorConfig core...
shopping-cart-tutorial/api/routes/users.js: Using EditorConfig core...
shopping-cart-tutorial/api/routes/users.js: Using EditorConfig core...
shopping-cart-tutorial/api/routes/users.js: {}
shopping-cart-tutorial/api/routes/users.js: Using EditorConfig core...
shopping-cart-tutorial/api/routes/users.js: Using EditorConfig core...
shopping-cart-tutorial/api/routes/users.js: Using EditorConfig core...
shopping-cart-tutorial/api/routes/users.js: Using EditorConfig core...
shopping-cart-tutorial/api/routes/users.js: Using EditorConfig core...
shopping-cart-tutorial/api/routes/users.js: Using EditorConfig core...
shopping-cart-tutorial/api/routes/users.js: {}
shopping-cart-tutorial/api/routes/users.js: {}
shopping-cart-tutorial/api/routes/users.js: Using EditorConfig core...
shopping-cart-tutorial/api/routes/users.js: Using EditorConfig core...
shopping-cart-tutorial/api/routes/users.js: Using EditorConfig core...
shopping-cart-tutorial/api/routes/users.js: Using EditorConfig core...
shopping-cart-tutorial/api/routes/users.js: Using EditorConfig core...
shopping-cart-tutorial/api/routes/users.js: Using EditorConfig core...
shopping-cart-tutorial/api/routes/users.js: Using EditorConfig core...
shopping-cart-tutorial/api/routes/users.js: Using EditorConfig core...
shopping-cart-tutorial/api/routes/users.js: Using EditorConfig core...
shopping-cart-tutorial/api/routes/users.js: Using EditorConfig core...
shopping-cart-tutorial/api/routes/users.js: Using EditorConfig core...
shopping-cart-tutorial/api/routes/users.js: Using EditorConfig core...
shopping-cart-tutorial/api/routes/users.js: Using EditorConfig core...
shopping-cart-tutorial/api/routes/users.js: Using EditorConfig core...
shopping-cart-tutorial/api/routes/users.js: Using EditorConfig core...
shopping-cart-tutorial/api/routes/users.js: {}
shopping-cart-tutorial/api/routes/users.js: Using EditorConfig core...
shopping-cart-tutorial/api/routes/users.js: Using EditorConfig core...
shopping-cart-tutorial/api/routes/users.js: Using EditorConfig core...
shopping-cart-tutorial/api/routes/users.js: Using EditorConfig core...
shopping-cart-tutorial/api/routes/users.js: Using EditorConfig core...
shopping-cart-tutorial/api/routes/users.js: Using EditorConfig core...
shopping-cart-tutorial/api/routes/users.js: {}
shopping-cart-tutorial/api/routes/users.js: {}
shopping-cart-tutorial/api/routes/users.js: Using EditorConfig core...
shopping-cart-tutorial/api/routes/users.js: Using EditorConfig core...
shopping-cart-tutorial/api/routes/users.js: Using EditorConfig core...
shopping-cart-tutorial/api/routes/users.js: Using EditorConfig core...
shopping-cart-tutorial/api/routes/users.js: Using EditorConfig core...
shopping-cart-tutorial/api/routes/users.js: Using EditorConfig core...
shopping-cart-tutorial/api/routes/users.js: Using EditorConfig core...
shopping-cart-tutorial/api/routes/users.js: {}
shopping-cart-tutorial/api/controller/UserController.js: {}
shopping-cart-tutorial/api/controller/UserController.js: Using EditorConfig core...
shopping-cart-tutorial/api/controller/UserController.js: Using EditorConfig core...
shopping-cart-tutorial/api/controller/UserController.js: Using EditorConfig core...
shopping-cart-tutorial/api/controller/UserController.js: Using EditorConfig core...
shopping-cart-tutorial/api/controller/UserController.js: Using EditorConfig core...
shopping-cart-tutorial/api/controller/UserController.js: Using EditorConfig core...
shopping-cart-tutorial/api/controller/UserController.js: Using EditorConfig core...
shopping-cart-tutorial/api/controller/UserController.js: Using EditorConfig core...
shopping-cart-tutorial/api/controller/UserController.js: Using EditorConfig core...
shopping-cart-tutorial/api/controller/UserController.js: Using EditorConfig core...
shopping-cart-tutorial/api/controller/UserController.js: Using EditorConfig core...
shopping-cart-tutorial/api/controller/UserController.js: {}
shopping-cart-tutorial/api/controller/UserController.js: Using EditorConfig core...
shopping-cart-tutorial/api/controller/UserController.js: Using EditorConfig core...
shopping-cart-tutorial/api/controller/UserController.js: Using EditorConfig core...
shopping-cart-tutorial/api/controller/UserController.js: Using EditorConfig core...
shopping-cart-tutorial/api/controller/UserController.js: Using EditorConfig core...
shopping-cart-tutorial/api/controller/UserController.js: Using EditorConfig core...
shopping-cart-tutorial/api/controller/UserController.js: {}
shopping-cart-tutorial/api/controller/UserController.js: Using EditorConfig core...
shopping-cart-tutorial/api/controller/UserController.js: Using EditorConfig core...
shopping-cart-tutorial/api/controller/UserController.js: Using EditorConfig core...
shopping-cart-tutorial/api/controller/UserController.js: Using EditorConfig core...
shopping-cart-tutorial/api/controller/UserController.js: Using EditorConfig core...
shopping-cart-tutorial/api/controller/UserController.js: Using EditorConfig core...
shopping-cart-tutorial/api/controller/UserController.js: Using EditorConfig core...
shopping-cart-tutorial/api/controller/UserController.js: Using EditorConfig core...
shopping-cart-tutorial/api/controller/UserController.js: Using EditorConfig core...
shopping-cart-tutorial/api/controller/UserController.js: Using EditorConfig core...
shopping-cart-tutorial/api/controller/UserController.js: {}
shopping-cart-tutorial/api/controller/UserController.js: Using EditorConfig core...
shopping-cart-tutorial/api/controller/UserController.js: Using EditorConfig core...
shopping-cart-tutorial/api/controller/UserController.js: Using EditorConfig core...
shopping-cart-tutorial/api/controller/UserController.js: Using EditorConfig core...
shopping-cart-tutorial/api/controller/UserController.js: Using EditorConfig core...
shopping-cart-tutorial/api/controller/UserController.js: {}
shopping-cart-tutorial/api/controller/UserController.js: Using EditorConfig core...
shopping-cart-tutorial/api/controller/UserController.js: Using EditorConfig core...
shopping-cart-tutorial/api/controller/UserController.js: Using EditorConfig core...
shopping-cart-tutorial/api/controller/UserController.js: Using EditorConfig core...
shopping-cart-tutorial/api/controller/UserController.js: Using EditorConfig core...
shopping-cart-tutorial/api/controller/UserController.js: Using EditorConfig core...
shopping-cart-tutorial/api/controller/UserController.js: Using EditorConfig core...
shopping-cart-tutorial/api/controller/UserController.js: Using EditorConfig core...
shopping-cart-tutorial/api/controller/UserController.js: Using EditorConfig core...
shopping-cart-tutorial/api/controller/UserController.js: Using EditorConfig core...
shopping-cart-tutorial/api/controller/UserController.js: Using EditorConfig core...
shopping-cart-tutorial/api/controller/UserController.js: Using EditorConfig core...
shopping-cart-tutorial/api/controller/UserController.js: {}
shopping-cart-tutorial/api/controller/UserController.js: Using EditorConfig core...
shopping-cart-tutorial/api/controller/UserController.js: Using EditorConfig core...
shopping-cart-tutorial/api/controller/UserController.js: Using EditorConfig core...
shopping-cart-tutorial/api/controller/UserController.js: Using EditorConfig core...
shopping-cart-tutorial/api/controller/UserController.js: Using EditorConfig core...
shopping-cart-tutorial/api/controller/UserController.js: Using EditorConfig core...
shopping-cart-tutorial/api/controller/UserController.js: Using EditorConfig core...
shopping-cart-tutorial/api/controller/UserController.js: Using EditorConfig core...
shopping-cart-tutorial/api/controller/UserController.js: Using EditorConfig core...
shopping-cart-tutorial/api/controller/UserController.js: Using EditorConfig core...
shopping-cart-tutorial/api/controller/UserController.js: Using EditorConfig core...
shopping-cart-tutorial/api/controller/UserController.js: Using EditorConfig core...
shopping-cart-tutorial/api/controller/UserController.js: {}
shopping-cart-tutorial/api/controller/UserController.js: Using EditorConfig core...
shopping-cart-tutorial/api/controller/UserController.js: Using EditorConfig core...
shopping-cart-tutorial/api/controller/UserController.js: Using EditorConfig core...
shopping-cart-tutorial/api/controller/UserController.js: Using EditorConfig core...
shopping-cart-tutorial/api/controller/UserController.js: Using EditorConfig core...
shopping-cart-tutorial/api/controller/UserController.js: {}
shopping-cart-tutorial/api/controller/UserController.js: {}
shopping-cart-tutorial/api/controller/UserController.js: Using EditorConfig core...
shopping-cart-tutorial/api/controller/UserController.js: Using EditorConfig core...
shopping-cart-tutorial/api/controller/UserController.js: Using EditorConfig core...
shopping-cart-tutorial/api/views/user/profile.ejs: {}
shopping-cart-tutorial/api/views/user/profile.ejs: Using EditorConfig core...
shopping-cart-tutorial/api/views/user/profile.ejs: Using EditorConfig core...
shopping-cart-tutorial/api/views/user/profile.ejs: Using EditorConfig core...
shopping-cart-tutorial/api/views/user/profile.ejs: Using EditorConfig core...
shopping-cart-tutorial/api/views/user/profile.ejs: Using EditorConfig core...
shopping-cart-tutorial/api/views/user/profile.ejs: Using EditorConfig core...
shopping-cart-tutorial/api/views/user/profile.ejs: {}
shopping-cart-tutorial/api/views/user/profile.ejs: Using EditorConfig core...
shopping-cart-tutorial/api/views/user/profile.ejs: Using EditorConfig core...
shopping-cart-tutorial/api/views/user/profile.ejs: Using EditorConfig core...
shopping-cart-tutorial/api/views/user/profile.ejs: Using EditorConfig core...
shopping-cart-tutorial/api/views/user/profile.ejs: Using EditorConfig core...
shopping-cart-tutorial/api/views/user/profile.ejs: {}
shopping-cart-tutorial/api/views/user/profile.ejs: Using EditorConfig core...
shopping-cart-tutorial/api/views/user/profile.ejs: Using EditorConfig core...
shopping-cart-tutorial/api/views/user/profile.ejs: Using EditorConfig core...
shopping-cart-tutorial/api/views/user/profile.ejs: Using EditorConfig core...
shopping-cart-tutorial/api/views/user/profile.ejs: Using EditorConfig core...
shopping-cart-tutorial/api/views/user/profile.ejs: Using EditorConfig core...
shopping-cart-tutorial/api/views/user/profile.ejs: Using EditorConfig core...
shopping-cart-tutorial/api/views/user/profile.ejs: {}
shopping-cart-tutorial/api/views/shopping/content.ejs: {}
shopping-cart-tutorial/api/views/user/profile.ejs: {}
shopping-cart-tutorial/api/views/user/profile.ejs: Using EditorConfig core...
shopping-cart-tutorial/api/views/user/profile.ejs: Using EditorConfig core...
shopping-cart-tutorial/api/views/user/profile.ejs: Using EditorConfig core...
shopping-cart-tutorial/api/views/user/profile.ejs: Using EditorConfig core...
shopping-cart-tutorial/api/views/user/profile.ejs: Using EditorConfig core...
shopping-cart-tutorial/api/views/user/profile.ejs: Using EditorConfig core...
shopping-cart-tutorial/api/views/user/profile.ejs: Using EditorConfig core...
shopping-cart-tutorial/api/views/user/profile.ejs: Using EditorConfig core...
shopping-cart-tutorial/api/views/user/profile.ejs: {}
shopping-cart-tutorial/api/views/user/profile.ejs: Using EditorConfig core...
shopping-cart-tutorial/api/views/user/profile.ejs: Using EditorConfig core...
shopping-cart-tutorial/api/views/user/profile.ejs: Using EditorConfig core...
shopping-cart-tutorial/api/views/user/profile.ejs: Using EditorConfig core...
shopping-cart-tutorial/api/views/user/profile.ejs: {}
shopping-cart-tutorial/api/views/user/profile.ejs: Using EditorConfig core...
shopping-cart-tutorial/api/views/user/profile.ejs: Using EditorConfig core...
shopping-cart-tutorial/api/views/user/profile.ejs: {}
shopping-cart-tutorial/api/views/user/profile.ejs: Using EditorConfig core...
shopping-cart-tutorial/api/views/user/profile.ejs: Using EditorConfig core...
shopping-cart-tutorial/api/views/user/profile.ejs: Using EditorConfig core...
shopping-cart-tutorial/api/views/user/profile.ejs: Using EditorConfig core...
shopping-cart-tutorial/api/views/user/profile.ejs: Using EditorConfig core...
shopping-cart-tutorial/api/views/user/profile.ejs: {}
shopping-cart-tutorial/api/views/user/profile.ejs: Using EditorConfig core...
shopping-cart-tutorial/api/views/user/profile.ejs: Using EditorConfig core...
shopping-cart-tutorial/api/views/user/profile.ejs: Using EditorConfig core...
shopping-cart-tutorial/api/views/user/profile.ejs: {}
shopping-cart-tutorial/api/views/user/profile.ejs: Using EditorConfig core...
shopping-cart-tutorial/api/views/user/profile.ejs: Using EditorConfig core...
shopping-cart-tutorial/api/views/user/profile.ejs: Using EditorConfig core...
shopping-cart-tutorial/api/views/user/profile.ejs: Using EditorConfig core...
shopping-cart-tutorial/api/views/user/profile.ejs: Using EditorConfig core...
shopping-cart-tutorial/api/views/user/profile.ejs: {}
shopping-cart-tutorial/api/views/user/profile.ejs: Using EditorConfig core...
shopping-cart-tutorial/api/views/user/profile.ejs: Using EditorConfig core...
shopping-cart-tutorial/api/views/user/profile.ejs: {}
shopping-cart-tutorial/api/views/user/profile.ejs: {}
shopping-cart-tutorial/api/views/user/profile.ejs: Using EditorConfig core...
shopping-cart-tutorial/api/views/user/profile.ejs: Using EditorConfig core...
shopping-cart-tutorial/api/views/user/profile.ejs: Using EditorConfig core...
shopping-cart-tutorial/api/views/user/profile.ejs: Using EditorConfig core...
shopping-cart-tutorial/api/views/user/profile.ejs: Using EditorConfig core...
shopping-cart-tutorial/api/views/user/profile.ejs: Using EditorConfig core...
shopping-cart-tutorial/api/views/user/profile.ejs: {}
shopping-cart-tutorial/api/views/user/profile.ejs: Using EditorConfig core...
shopping-cart-tutorial/api/views/user/profile.ejs: Using EditorConfig core...
shopping-cart-tutorial/api/views/user/profile.ejs: Using EditorConfig core...
shopping-cart-tutorial/api/views/user/profile.ejs: Using EditorConfig core...
shopping-cart-tutorial/api/views/user/profile.ejs: {}
shopping-cart-tutorial/api/views/user/profile.ejs: {}
shopping-cart-tutorial/api/views/user/profile.ejs: Using EditorConfig core...
shopping-cart-tutorial/api/views/user/profile.ejs: Using EditorConfig core...
shopping-cart-tutorial/api/views/user/profile.ejs: Using EditorConfig core...
shopping-cart-tutorial/api/views/user/profile.ejs: Using EditorConfig core...
shopping-cart-tutorial/api/views/user/profile.ejs: Using EditorConfig core...
shopping-cart-tutorial/api/views/user/profile.ejs: {}
shopping-cart-tutorial/api/views/user/profile.ejs: {}
shopping-cart-tutorial/api/views/user/profile.ejs: Using EditorConfig core...
shopping-cart-tutorial/api/views/user/profile.ejs: Using EditorConfig core...
shopping-cart-tutorial/api/views/user/profile.ejs: Using EditorConfig core...
shopping-cart-tutorial/api/views/user/profile.ejs: Using EditorConfig core...
shopping-cart-tutorial/api/views/user/profile.ejs: Using EditorConfig core...
shopping-cart-tutorial/api/views/user/profile.ejs: Using EditorConfig core...
shopping-cart-tutorial/api/views/user/profile.ejs: {}
shopping-cart-tutorial/api/views/user/profile.ejs: {}
shopping-cart-tutorial/api/views/user/profile.ejs: Using EditorConfig core...
shopping-cart-tutorial/api/views/user/profile.ejs: Using EditorConfig core...
shopping-cart-tutorial/api/views/user/profile.ejs: Using EditorConfig core...
shopping-cart-tutorial/api/views/user/profile.ejs: Using EditorConfig core...
shopping-cart-tutorial/api/views/user/profile.ejs: {}
shopping-cart-tutorial/api/views/user/profile.ejs: Using EditorConfig core...
shopping-cart-tutorial/api/views/user/profile.ejs: Using EditorConfig core...
shopping-cart-tutorial/api/views/user/profile.ejs: Using EditorConfig core...
shopping-cart-tutorial/api/views/user/profile.ejs: {}
shopping-cart-tutorial/api/views/user/profile.ejs: {}
shopping-cart-tutorial/api/views/user/profile.ejs: Using EditorConfig core...
shopping-cart-tutorial/api/views/user/profile.ejs: Using EditorConfig core...
shopping-cart-tutorial/api/views/user/profile.ejs: Using EditorConfig core...
shopping-cart-tutorial/api/views/user/profile.ejs: Using EditorConfig core...
shopping-cart-tutorial/api/views/user/profile.ejs: Using EditorConfig core...
shopping-cart-tutorial/api/views/user/profile.ejs: Using EditorConfig core...
shopping-cart-tutorial/api/views/user/profile.ejs: {}
shopping-cart-tutorial/api/views/user/profile.ejs: {}
shopping-cart-tutorial/api/views/user/profile.ejs: Using EditorConfig core...
shopping-cart-tutorial/api/views/user/profile.ejs: Using EditorConfig core...
shopping-cart-tutorial/api/views/user/profile.ejs: Using EditorConfig core...
shopping-cart-tutorial/api/views/user/profile.ejs: Using EditorConfig core...
shopping-cart-tutorial/api/views/user/profile.ejs: Using EditorConfig core...
shopping-cart-tutorial/api/views/user/profile.ejs: Using EditorConfig core...
shopping-cart-tutorial/api/views/user/profile.ejs: Using EditorConfig core...
shopping-cart-tutorial/api/views/user/profile.ejs: {}
shopping-cart-tutorial/api/views/user/profile.ejs: Using EditorConfig core...
shopping-cart-tutorial/api/views/user/profile.ejs: Using EditorConfig core...
shopping-cart-tutorial/api/views/user/profile.ejs: Using EditorConfig core...
shopping-cart-tutorial/api/views/user/profile.ejs: {}
shopping-cart-tutorial/api/models/order.js: {}
shopping-cart-tutorial/api/models/cart.js: {}
shopping-cart-tutorial/api/models/cart.js: Using EditorConfig core...
shopping-cart-tutorial/api/models/cart.js: Using EditorConfig core...
shopping-cart-tutorial/api/models/cart.js: Using EditorConfig core...
shopping-cart-tutorial/api/models/cart.js: Using EditorConfig core...
shopping-cart-tutorial/api/models/cart.js: Using EditorConfig core...
shopping-cart-tutorial/api/models/cart.js: Using EditorConfig core...
shopping-cart-tutorial/api/models/cart.js: {}
shopping-cart-tutorial/api/models/cart.js: Using EditorConfig core...
shopping-cart-tutorial/api/models/cart.js: Using EditorConfig core...
shopping-cart-tutorial/api/models/cart.js: Using EditorConfig core...
shopping-cart-tutorial/api/routes/carts.js: {}
shopping-cart-tutorial/api/models/cart.js: {}
shopping-cart-tutorial/api/routes/carts.js: {}
shopping-cart-tutorial/api/routes/carts.js: Using EditorConfig core...
shopping-cart-tutorial/api/routes/carts.js: Using EditorConfig core...
shopping-cart-tutorial/api/routes/carts.js: Using EditorConfig core...
shopping-cart-tutorial/api/routes/carts.js: Using EditorConfig core...
shopping-cart-tutorial/api/routes/carts.js: Using EditorConfig core...
shopping-cart-tutorial/api/routes/carts.js: Using EditorConfig core...
shopping-cart-tutorial/api/routes/carts.js: Using EditorConfig core...
shopping-cart-tutorial/api/controller/CartController.js: {}
shopping-cart-tutorial/api/controller/CartController.js: {}
shopping-cart-tutorial/api/controller/CartController.js: Using EditorConfig core...
shopping-cart-tutorial/api/controller/CartController.js: Using EditorConfig core...
shopping-cart-tutorial/api/controller/CartController.js: Using EditorConfig core...
shopping-cart-tutorial/api/controller/CartController.js: Using EditorConfig core...
shopping-cart-tutorial/api/controller/CartController.js: Using EditorConfig core...
shopping-cart-tutorial/api/controller/CartController.js: Using EditorConfig core...
shopping-cart-tutorial/api/controller/CartController.js: Using EditorConfig core...
shopping-cart-tutorial/api/controller/CartController.js: {}
shopping-cart-tutorial/api/controller/CartController.js: Using EditorConfig core...
shopping-cart-tutorial/api/controller/CartController.js: Using EditorConfig core...
shopping-cart-tutorial/api/controller/CartController.js: Using EditorConfig core...
shopping-cart-tutorial/api/controller/CartController.js: Using EditorConfig core...
shopping-cart-tutorial/api/controller/CartController.js: Using EditorConfig core...
shopping-cart-tutorial/api/controller/CartController.js: Using EditorConfig core...
shopping-cart-tutorial/api/controller/CartController.js: Using EditorConfig core...
shopping-cart-tutorial/api/controller/CartController.js: {}
shopping-cart-tutorial/api/controller/CartController.js: Using EditorConfig core...
shopping-cart-tutorial/api/controller/CartController.js: Using EditorConfig core...
shopping-cart-tutorial/api/controller/CartController.js: Using EditorConfig core...
shopping-cart-tutorial/api/controller/CartController.js: Using EditorConfig core...
shopping-cart-tutorial/api/controller/CartController.js: Using EditorConfig core...
shopping-cart-tutorial/api/controller/CartController.js: Using EditorConfig core...
shopping-cart-tutorial/api/controller/CartController.js: Using EditorConfig core...
shopping-cart-tutorial/api/routes/carts.js: {}
shopping-cart-tutorial/api/views/user/signin.ejs: {}
shopping-cart-tutorial/api/models/cart.js: {}
shopping-cart-tutorial/api/views/shopping/shopping_cart.ejs: {}
shopping-cart-tutorial/api/views/shopping/shopping_cart.ejs: Using EditorConfig core...
shopping-cart-tutorial/api/views/shopping/shopping_cart.ejs: Using EditorConfig core...
shopping-cart-tutorial/api/views/shopping/shopping_cart.ejs: Using EditorConfig core...
shopping-cart-tutorial/api/views/shopping/shopping_cart.ejs: Using EditorConfig core...
shopping-cart-tutorial/api/views/shopping/shopping_cart.ejs: Using EditorConfig core...
shopping-cart-tutorial/api/views/shopping/shopping_cart.ejs: Using EditorConfig core...
shopping-cart-tutorial/api/views/shopping/shopping_cart.ejs: {}
shopping-cart-tutorial/api/views/shopping/shopping_cart.ejs: {}
shopping-cart-tutorial/api/views/shopping/shopping_cart.ejs: Using EditorConfig core...
shopping-cart-tutorial/api/views/shopping/shopping_cart.ejs: Using EditorConfig core...
shopping-cart-tutorial/api/views/shopping/shopping_cart.ejs: Using EditorConfig core...
shopping-cart-tutorial/api/views/shopping/shopping_cart.ejs: {}
shopping-cart-tutorial/api/views/shopping/shopping_cart.ejs: Using EditorConfig core...
shopping-cart-tutorial/api/views/shopping/shopping_cart.ejs: Using EditorConfig core...
shopping-cart-tutorial/api/views/shopping/shopping_cart.ejs: Using EditorConfig core...
shopping-cart-tutorial/api/views/shopping/shopping_cart.ejs: Using EditorConfig core...
shopping-cart-tutorial/api/views/shopping/shopping_cart.ejs: Using EditorConfig core...
shopping-cart-tutorial/api/views/shopping/shopping_cart.ejs: {}
shopping-cart-tutorial/api/views/shopping/shopping_cart.ejs: Using EditorConfig core...
shopping-cart-tutorial/api/views/shopping/shopping_cart.ejs: Using EditorConfig core...
shopping-cart-tutorial/api/views/shopping/shopping_cart.ejs: Using EditorConfig core...
shopping-cart-tutorial/api/views/shopping/shopping_cart.ejs: Using EditorConfig core...
shopping-cart-tutorial/api/views/shopping/shopping_cart.ejs: Using EditorConfig core...
shopping-cart-tutorial/api/views/shopping/shopping_cart.ejs: {}
shopping-cart-tutorial/api/views/shopping/shopping_cart.ejs: Using EditorConfig core...
shopping-cart-tutorial/api/views/shopping/shopping_cart.ejs: Using EditorConfig core...
shopping-cart-tutorial/api/views/shopping/shopping_cart.ejs: Using EditorConfig core...
shopping-cart-tutorial/api/models/cart.js: {}
shopping-cart-tutorial/api/routes/carts.js: {}
shopping-cart-tutorial/api/routes/carts.js: Using EditorConfig core...
shopping-cart-tutorial/api/routes/carts.js: Using EditorConfig core...
shopping-cart-tutorial/api/routes/carts.js: Using EditorConfig core...
shopping-cart-tutorial/api/routes/carts.js: Using EditorConfig core...
shopping-cart-tutorial/api/routes/carts.js: Using EditorConfig core...
shopping-cart-tutorial/api/routes/carts.js: Using EditorConfig core...
shopping-cart-tutorial/api/routes/carts.js: Using EditorConfig core...
shopping-cart-tutorial/api/routes/carts.js: Using EditorConfig core...
shopping-cart-tutorial/api/routes/carts.js: Using EditorConfig core...
shopping-cart-tutorial/api/routes/carts.js: Using EditorConfig core...
shopping-cart-tutorial/api/routes/carts.js: Using EditorConfig core...
shopping-cart-tutorial/api/routes/carts.js: {}
shopping-cart-tutorial/api/views/shopping/shopping_cart.ejs: {}
shopping-cart-tutorial/api/views/user/signin.ejs: {}
shopping-cart-tutorial/api/views/shopping/shopping_cart.ejs: {}
shopping-cart-tutorial/api/controller/CartController.js: {}
shopping-cart-tutorial/api/controller/CartController.js: Using EditorConfig core...
shopping-cart-tutorial/api/controller/CartController.js: Using EditorConfig core...
shopping-cart-tutorial/api/controller/CartController.js: Using EditorConfig core...
shopping-cart-tutorial/api/controller/CartController.js: Using EditorConfig core...
shopping-cart-tutorial/api/controller/CartController.js: Using EditorConfig core...
shopping-cart-tutorial/api/controller/CartController.js: Using EditorConfig core...
shopping-cart-tutorial/api/controller/CartController.js: Using EditorConfig core...
shopping-cart-tutorial/api/controller/CartController.js: Using EditorConfig core...
shopping-cart-tutorial/api/controller/CartController.js: Using EditorConfig core...
shopping-cart-tutorial/api/controller/CartController.js: Using EditorConfig core...
shopping-cart-tutorial/api/controller/CartController.js: Using EditorConfig core...
shopping-cart-tutorial/api/controller/CartController.js: Using EditorConfig core...
shopping-cart-tutorial/api/controller/CartController.js: Using EditorConfig core...
shopping-cart-tutorial/api/controller/CartController.js: {}
shopping-cart-tutorial/api/routes/carts.js: {}
shopping-cart-tutorial/api/views/shopping/shopping_cart.ejs: {}
shopping-cart-tutorial/api/routes/carts.js: {}
shopping-cart-tutorial/api/models/cart.js: {}
shopping-cart-tutorial/api/models/cart.js: {}
shopping-cart-tutorial/api/models/cart.js: Using EditorConfig core...
shopping-cart-tutorial/api/models/cart.js: Using EditorConfig core...
shopping-cart-tutorial/api/models/cart.js: Using EditorConfig core...
shopping-cart-tutorial/api/models/cart.js: Using EditorConfig core...
shopping-cart-tutorial/api/models/cart.js: Using EditorConfig core...
shopping-cart-tutorial/api/models/cart.js: Using EditorConfig core...
shopping-cart-tutorial/api/models/cart.js: Using EditorConfig core...
shopping-cart-tutorial/api/models/cart.js: Using EditorConfig core...
shopping-cart-tutorial/api/models/cart.js: Using EditorConfig core...
shopping-cart-tutorial/api/models/cart.js: Using EditorConfig core...
shopping-cart-tutorial/api/models/cart.js: {}
shopping-cart-tutorial/api/routes/users.js: {}
shopping-cart-tutorial/api/controller/UserController.js: {}
shopping-cart-tutorial/api/views/user/profile.ejs: {}
shopping-cart-tutorial/api/models/cart.js: {}
shopping-cart-tutorial/api/models/cart.js: Using EditorConfig core...
shopping-cart-tutorial/api/models/cart.js: Using EditorConfig core...
shopping-cart-tutorial/api/models/cart.js: Using EditorConfig core...
shopping-cart-tutorial/api/models/cart.js: Using EditorConfig core...
shopping-cart-tutorial/api/models/cart.js: Using EditorConfig core...
shopping-cart-tutorial/api/models/cart.js: Using EditorConfig core...
shopping-cart-tutorial/api/models/cart.js: Using EditorConfig core...
shopping-cart-tutorial/api/models/cart.js: Using EditorConfig core...
shopping-cart-tutorial/api/models/cart.js: Using EditorConfig core...
shopping-cart-tutorial/api/models/cart.js: {}
shopping-cart-tutorial/api/models/cart.js: Using EditorConfig core...
shopping-cart-tutorial/api/models/cart.js: Using EditorConfig core...
shopping-cart-tutorial/api/models/cart.js: Using EditorConfig core...
shopping-cart-tutorial/api/models/cart.js: Using EditorConfig core...
shopping-cart-tutorial/api/models/cart.js: Using EditorConfig core...
shopping-cart-tutorial/api/models/cart.js: Using EditorConfig core...
shopping-cart-tutorial/api/models/cart.js: Using EditorConfig core...
shopping-cart-tutorial/api/models/cart.js: Using EditorConfig core...
shopping-cart-tutorial/api/models/cart.js: Using EditorConfig core...
shopping-cart-tutorial/api/models/cart.js: Using EditorConfig core...
shopping-cart-tutorial/api/models/cart.js: Using EditorConfig core...
shopping-cart-tutorial/api/models/cart.js: Using EditorConfig core...
shopping-cart-tutorial/api/models/cart.js: Using EditorConfig core...
shopping-cart-tutorial/api/models/cart.js: Using EditorConfig core...
shopping-cart-tutorial/api/models/cart.js: Using EditorConfig core...
shopping-cart-tutorial/api/models/cart.js: Using EditorConfig core...
shopping-cart-tutorial/api/models/cart.js: Using EditorConfig core...
shopping-cart-tutorial/api/models/cart.js: {}
shopping-cart-tutorial/api/models/cart.js: Using EditorConfig core...
shopping-cart-tutorial/api/models/cart.js: Using EditorConfig core...
shopping-cart-tutorial/api/models/cart.js: Using EditorConfig core...
shopping-cart-tutorial/api/models/cart.js: Using EditorConfig core...
shopping-cart-tutorial/api/models/cart.js: Using EditorConfig core...
shopping-cart-tutorial/api/models/cart.js: {}
shopping-cart-tutorial/api/models/cart.js: Using EditorConfig core...
shopping-cart-tutorial/api/models/cart.js: Using EditorConfig core...
shopping-cart-tutorial/api/models/cart.js: Using EditorConfig core...
shopping-cart-tutorial/api/models/cart.js: Using EditorConfig core...
shopping-cart-tutorial/api/views/shopping/shopping_cart.ejs: {}
shopping-cart-tutorial/api/views/shopping/shopping_cart.ejs: Using EditorConfig core...
shopping-cart-tutorial/api/views/shopping/shopping_cart.ejs: Using EditorConfig core...
shopping-cart-tutorial/api/views/shopping/shopping_cart.ejs: Using EditorConfig core...
shopping-cart-tutorial/api/views/shopping/shopping_cart.ejs: Using EditorConfig core...
shopping-cart-tutorial/api/views/shopping/shopping_cart.ejs: Using EditorConfig core...
shopping-cart-tutorial/api/views/shopping/shopping_cart.ejs: Using EditorConfig core...
shopping-cart-tutorial/api/views/shopping/shopping_cart.ejs: Using EditorConfig core...
shopping-cart-tutorial/api/views/shopping/shopping_cart.ejs: Using EditorConfig core...
shopping-cart-tutorial/api/views/shopping/shopping_cart.ejs: {}
shopping-cart-tutorial/api/views/shopping/shopping_cart.ejs: {}
shopping-cart-tutorial/api/models/cart.js: {}
shopping-cart-tutorial/api/routes/carts.js: {}
shopping-cart-tutorial/api/models/cart.js: {}
shopping-cart-tutorial/api/views/shopping/shopping_cart.ejs: {}
shopping-cart-tutorial/api/routes/carts.js: {}
shopping-cart-tutorial/api/routes/carts.js: Using EditorConfig core...
shopping-cart-tutorial/api/routes/carts.js: Using EditorConfig core...
shopping-cart-tutorial/api/routes/carts.js: Using EditorConfig core...
shopping-cart-tutorial/api/routes/carts.js: Using EditorConfig core...
shopping-cart-tutorial/api/routes/carts.js: Using EditorConfig core...
shopping-cart-tutorial/api/controller/CartController.js: {}
shopping-cart-tutorial/api/routes/carts.js: {}
shopping-cart-tutorial/api/controller/CartController.js: {}
shopping-cart-tutorial/api/controller/CartController.js: Using EditorConfig core...
shopping-cart-tutorial/api/controller/CartController.js: Using EditorConfig core...
shopping-cart-tutorial/api/controller/CartController.js: Using EditorConfig core...
shopping-cart-tutorial/api/controller/CartController.js: Using EditorConfig core...
shopping-cart-tutorial/api/controller/CartController.js: Using EditorConfig core...
shopping-cart-tutorial/api/controller/CartController.js: Using EditorConfig core...
shopping-cart-tutorial/api/controller/CartController.js: Using EditorConfig core...
shopping-cart-tutorial/api/controller/CartController.js: Using EditorConfig core...
shopping-cart-tutorial/api/controller/CartController.js: Using EditorConfig core...
shopping-cart-tutorial/api/controller/CartController.js: Using EditorConfig core...
shopping-cart-tutorial/api/controller/CartController.js: Using EditorConfig core...
shopping-cart-tutorial/api/controller/CartController.js: Using EditorConfig core...
shopping-cart-tutorial/api/controller/CartController.js: Using EditorConfig core...
shopping-cart-tutorial/api/controller/CartController.js: Using EditorConfig core...
shopping-cart-tutorial/api/controller/CartController.js: Using EditorConfig core...
shopping-cart-tutorial/api/controller/CartController.js: Using EditorConfig core...
shopping-cart-tutorial/api/controller/CartController.js: Using EditorConfig core...
shopping-cart-tutorial/api/controller/CartController.js: Using EditorConfig core...
shopping-cart-tutorial/api/controller/CartController.js: Using EditorConfig core...
shopping-cart-tutorial/api/controller/CartController.js: Using EditorConfig core...
shopping-cart-tutorial/api/controller/CartController.js: Using EditorConfig core...
shopping-cart-tutorial/api/controller/CartController.js: Using EditorConfig core...
shopping-cart-tutorial/api/controller/CartController.js: Using EditorConfig core...
shopping-cart-tutorial/api/controller/CartController.js: Using EditorConfig core...
shopping-cart-tutorial/api/controller/CartController.js: Using EditorConfig core...
shopping-cart-tutorial/api/controller/CartController.js: {}
shopping-cart-tutorial/api/controller/CartController.js: {}
shopping-cart-tutorial/api/controller/CartController.js: Using EditorConfig core...
shopping-cart-tutorial/api/controller/CartController.js: Using EditorConfig core...
shopping-cart-tutorial/api/controller/CartController.js: Using EditorConfig core...
shopping-cart-tutorial/api/controller/CartController.js: Using EditorConfig core...
shopping-cart-tutorial/api/controller/CartController.js: Using EditorConfig core...
shopping-cart-tutorial/api/controller/CartController.js: Using EditorConfig core...
shopping-cart-tutorial/api/controller/CartController.js: Using EditorConfig core...
shopping-cart-tutorial/api/controller/CartController.js: Using EditorConfig core...
shopping-cart-tutorial/api/controller/CartController.js: Using EditorConfig core...
shopping-cart-tutorial/api/controller/CartController.js: Using EditorConfig core...
shopping-cart-tutorial/api/controller/CartController.js: Using EditorConfig core...
shopping-cart-tutorial/api/controller/CartController.js: Using EditorConfig core...
shopping-cart-tutorial/api/controller/CartController.js: Using EditorConfig core...
shopping-cart-tutorial/api/controller/CartController.js: Using EditorConfig core...
shopping-cart-tutorial/api/controller/CartController.js: Using EditorConfig core...
shopping-cart-tutorial/api/controller/CartController.js: {}
shopping-cart-tutorial/api/controller/CartController.js: Using EditorConfig core...
shopping-cart-tutorial/api/controller/CartController.js: Using EditorConfig core...
shopping-cart-tutorial/api/controller/CartController.js: Using EditorConfig core...
shopping-cart-tutorial/api/controller/CartController.js: Using EditorConfig core...
shopping-cart-tutorial/api/controller/CartController.js: Using EditorConfig core...
shopping-cart-tutorial/api/controller/CartController.js: Using EditorConfig core...
shopping-cart-tutorial/api/controller/CartController.js: Using EditorConfig core...
shopping-cart-tutorial/api/controller/CartController.js: Using EditorConfig core...
shopping-cart-tutorial/api/controller/CartController.js: Using EditorConfig core...
shopping-cart-tutorial/api/controller/CartController.js: Using EditorConfig core...
shopping-cart-tutorial/api/controller/CartController.js: Using EditorConfig core...
shopping-cart-tutorial/api/controller/CartController.js: Using EditorConfig core...
shopping-cart-tutorial/api/controller/CartController.js: Using EditorConfig core...
shopping-cart-tutorial/api/controller/CartController.js: {}
shopping-cart-tutorial/api/routes/carts.js: {}
shopping-cart-tutorial/api/views/shopping/shopping_cart.ejs: {}
shopping-cart-tutorial/api/controller/CartController.js: {}
shopping-cart-tutorial/api/routes/carts.js: {}
shopping-cart-tutorial/api/views/shopping/shopping_cart.ejs: {}
shopping-cart-tutorial/api/models/cart.js: {}
shopping-cart-tutorial/api/models/cart.js: Using EditorConfig core...
shopping-cart-tutorial/api/models/cart.js: Using EditorConfig core...
shopping-cart-tutorial/api/models/cart.js: Using EditorConfig core...
shopping-cart-tutorial/api/models/cart.js: Using EditorConfig core...
shopping-cart-tutorial/api/models/cart.js: Using EditorConfig core...
shopping-cart-tutorial/api/models/cart.js: Using EditorConfig core...
shopping-cart-tutorial/api/models/cart.js: {}
shopping-cart-tutorial/api/views/shopping/shopping_cart.ejs: {}
shopping-cart-tutorial/api/routes/carts.js: {}
shopping-cart-tutorial/api/views/shopping/shopping_cart.ejs: {}
shopping-cart-tutorial/api/models/cart.js: {}
shopping-cart-tutorial/api/controller/CartController.js: {}
shopping-cart-tutorial/api/controller/CartController.js: Using EditorConfig core...
shopping-cart-tutorial/api/controller/CartController.js: Using EditorConfig core...
shopping-cart-tutorial/api/controller/CartController.js: Using EditorConfig core...
shopping-cart-tutorial/api/controller/CartController.js: Using EditorConfig core...
shopping-cart-tutorial/api/controller/CartController.js: Using EditorConfig core...
shopping-cart-tutorial/api/controller/CartController.js: Using EditorConfig core...
shopping-cart-tutorial/api/controller/CartController.js: Using EditorConfig core...
shopping-cart-tutorial/api/controller/CartController.js: Using EditorConfig core...
shopping-cart-tutorial/api/controller/CartController.js: Using EditorConfig core...
shopping-cart-tutorial/api/controller/CartController.js: {}
shopping-cart-tutorial/api/controller/CartController.js: Using EditorConfig core...
shopping-cart-tutorial/api/controller/CartController.js: Using EditorConfig core...
shopping-cart-tutorial/api/controller/CartController.js: Using EditorConfig core...
shopping-cart-tutorial/api/controller/CartController.js: Using EditorConfig core...
shopping-cart-tutorial/api/controller/CartController.js: Using EditorConfig core...
shopping-cart-tutorial/api/controller/CartController.js: Using EditorConfig core...
shopping-cart-tutorial/api/controller/CartController.js: Using EditorConfig core...
shopping-cart-tutorial/api/controller/CartController.js: Using EditorConfig core...
shopping-cart-tutorial/api/controller/CartController.js: Using EditorConfig core...
shopping-cart-tutorial/api/controller/CartController.js: {}
shopping-cart-tutorial/api/views/shopping/shopping_cart.ejs: {}
shopping-cart-tutorial/api/views/shopping/shopping_cart.ejs: Using EditorConfig core...
shopping-cart-tutorial/api/views/shopping/shopping_cart.ejs: Using EditorConfig core...
shopping-cart-tutorial/api/views/shopping/shopping_cart.ejs: Using EditorConfig core...
shopping-cart-tutorial/api/views/shopping/shopping_cart.ejs: Using EditorConfig core...
shopping-cart-tutorial/api/views/shopping/shopping_cart.ejs: Using EditorConfig core...
shopping-cart-tutorial/api/views/shopping/shopping_cart.ejs: {}
shopping-cart-tutorial/api/views/shopping/shopping_cart.ejs: Using EditorConfig core...
shopping-cart-tutorial/api/views/shopping/shopping_cart.ejs: Using EditorConfig core...
shopping-cart-tutorial/api/views/shopping/shopping_cart.ejs: Using EditorConfig core...
shopping-cart-tutorial/api/views/shopping/shopping_cart.ejs: Using EditorConfig core...
shopping-cart-tutorial/api/views/shopping/shopping_cart.ejs: Using EditorConfig core...
shopping-cart-tutorial/api/views/shopping/shopping_cart.ejs: Using EditorConfig core...
