[Info  - 7:51:03 PM] ESLint server stopped.
[Info  - 7:51:04 PM] ESLint server running in node v10.2.0
[Info  - 7:51:04 PM] ESLint server is running.
[Info  - 7:51:06 PM] 
Failed to load the ESLint library for the document /var/www/nodejs/shopping-cart-tutorial/api/routes/carts.js

To use ESLint please install eslint by running npm install eslint in the workspace folder shopping-cart-tutorial
or globally using 'npm install -g eslint'. You need to reopen the workspace after installing eslint.

If you are using yarn or pnpm instead of npm set the setting `eslint.packageManager` to either `yarn` or `pnpm`
Alternatively you can disable ESLint for the workspace folder shopping-cart-tutorial by executing the 'Disable ESLint' command.
[Info  - 7:51:06 PM] 
Failed to load the ESLint library for the document /var/www/nodejs/shopping-cart-tutorial/api/routes/users.js

To use ESLint please install eslint by running npm install eslint in the workspace folder shopping-cart-tutorial
or globally using 'npm install -g eslint'. You need to reopen the workspace after installing eslint.

If you are using yarn or pnpm instead of npm set the setting `eslint.packageManager` to either `yarn` or `pnpm`
Alternatively you can disable ESLint for the workspace folder shopping-cart-tutorial by executing the 'Disable ESLint' command.
[Info  - 7:51:06 PM] 
Failed to load the ESLint library for the document /var/www/nodejs/shopping-cart-tutorial/api/routes/products.js

To use ESLint please install eslint by running npm install eslint in the workspace folder shopping-cart-tutorial
or globally using 'npm install -g eslint'. You need to reopen the workspace after installing eslint.

If you are using yarn or pnpm instead of npm set the setting `eslint.packageManager` to either `yarn` or `pnpm`
Alternatively you can disable ESLint for the workspace folder shopping-cart-tutorial by executing the 'Disable ESLint' command.
[Info  - 7:51:21 PM] 
Failed to load the ESLint library for the document /var/www/nodejs/shopping-cart-tutorial/api/routes/users.js

To use ESLint please install eslint by running npm install eslint in the workspace folder shopping-cart-tutorial
or globally using 'npm install -g eslint'. You need to reopen the workspace after installing eslint.

If you are using yarn or pnpm instead of npm set the setting `eslint.packageManager` to either `yarn` or `pnpm`
Alternatively you can disable ESLint for the workspace folder shopping-cart-tutorial by executing the 'Disable ESLint' command.
[Info  - 7:51:41 PM] 
Failed to load the ESLint library for the document /var/www/nodejs/shopping-cart-tutorial/api/routes/carts.js

To use ESLint please install eslint by running npm install eslint in the workspace folder shopping-cart-tutorial
or globally using 'npm install -g eslint'. You need to reopen the workspace after installing eslint.

If you are using yarn or pnpm instead of npm set the setting `eslint.packageManager` to either `yarn` or `pnpm`
Alternatively you can disable ESLint for the workspace folder shopping-cart-tutorial by executing the 'Disable ESLint' command.
[Info  - 8:25:10 PM] 
Failed to load the ESLint library for the document /var/www/nodejs/shopping-cart-tutorial/api/controller/UserController.js

To use ESLint please install eslint by running npm install eslint in the workspace folder shopping-cart-tutorial
or globally using 'npm install -g eslint'. You need to reopen the workspace after installing eslint.

If you are using yarn or pnpm instead of npm set the setting `eslint.packageManager` to either `yarn` or `pnpm`
Alternatively you can disable ESLint for the workspace folder shopping-cart-tutorial by executing the 'Disable ESLint' command.
[Info  - 8:25:16 PM] 
Failed to load the ESLint library for the document /var/www/nodejs/shopping-cart-tutorial/api/controller/UserController.js

To use ESLint please install eslint by running npm install eslint in the workspace folder shopping-cart-tutorial
or globally using 'npm install -g eslint'. You need to reopen the workspace after installing eslint.

If you are using yarn or pnpm instead of npm set the setting `eslint.packageManager` to either `yarn` or `pnpm`
Alternatively you can disable ESLint for the workspace folder shopping-cart-tutorial by executing the 'Disable ESLint' command.
[Info  - 8:37:06 PM] 
Failed to load the ESLint library for the document /var/www/nodejs/shopping-cart-tutorial/api/models/cart.js

To use ESLint please install eslint by running npm install eslint in the workspace folder shopping-cart-tutorial
or globally using 'npm install -g eslint'. You need to reopen the workspace after installing eslint.

If you are using yarn or pnpm instead of npm set the setting `eslint.packageManager` to either `yarn` or `pnpm`
Alternatively you can disable ESLint for the workspace folder shopping-cart-tutorial by executing the 'Disable ESLint' command.
[Info  - 9:06:31 PM] 
Failed to load the ESLint library for the document /var/www/nodejs/shopping-cart-tutorial/api/models/order.js

To use ESLint please install eslint by running npm install eslint in the workspace folder shopping-cart-tutorial
or globally using 'npm install -g eslint'. You need to reopen the workspace after installing eslint.

If you are using yarn or pnpm instead of npm set the setting `eslint.packageManager` to either `yarn` or `pnpm`
Alternatively you can disable ESLint for the workspace folder shopping-cart-tutorial by executing the 'Disable ESLint' command.
[Info  - 9:06:36 PM] 
Failed to load the ESLint library for the document /var/www/nodejs/shopping-cart-tutorial/api/models/cart.js

To use ESLint please install eslint by running npm install eslint in the workspace folder shopping-cart-tutorial
or globally using 'npm install -g eslint'. You need to reopen the workspace after installing eslint.

If you are using yarn or pnpm instead of npm set the setting `eslint.packageManager` to either `yarn` or `pnpm`
Alternatively you can disable ESLint for the workspace folder shopping-cart-tutorial by executing the 'Disable ESLint' command.
[Info  - 9:10:44 PM] 
Failed to load the ESLint library for the document /var/www/nodejs/shopping-cart-tutorial/api/controller/CartController.js

To use ESLint please install eslint by running npm install eslint in the workspace folder shopping-cart-tutorial
or globally using 'npm install -g eslint'. You need to reopen the workspace after installing eslint.

If you are using yarn or pnpm instead of npm set the setting `eslint.packageManager` to either `yarn` or `pnpm`
Alternatively you can disable ESLint for the workspace folder shopping-cart-tutorial by executing the 'Disable ESLint' command.
