Initializing document watcher...
Detected change in configuration: {}
shopping-cart-tutorial/api/controller/ProductController.js: {}
shopping-cart-tutorial/api/controller/ProductController.js: Using EditorConfig core...
shopping-cart-tutorial/api/controller/ProductController.js: Using EditorConfig core...
shopping-cart-tutorial/api/controller/ProductController.js: Using EditorConfig core...
shopping-cart-tutorial/api/controller/ProductController.js: Using EditorConfig core...
shopping-cart-tutorial/api/controller/ProductController.js: Using EditorConfig core...
shopping-cart-tutorial/api/controller/ProductController.js: Using EditorConfig core...
shopping-cart-tutorial/api/controller/ProductController.js: Using EditorConfig core...
shopping-cart-tutorial/api/controller/ProductController.js: Using EditorConfig core...
shopping-cart-tutorial/api/controller/ProductController.js: Using EditorConfig core...
shopping-cart-tutorial/api/controller/ProductController.js: Using EditorConfig core...
shopping-cart-tutorial/api/controller/ProductController.js: {}
shopping-cart-tutorial/api/controller/ProductController.js: Using EditorConfig core...
shopping-cart-tutorial/api/controller/ProductController.js: Using EditorConfig core...
shopping-cart-tutorial/api/controller/ProductController.js: Using EditorConfig core...
shopping-cart-tutorial/api/controller/ProductController.js: Using EditorConfig core...
shopping-cart-tutorial/api/controller/ProductController.js: {}
shopping-cart-tutorial/api/controller/ProductController.js: {}
shopping-cart-tutorial/api/controller/ProductController.js: Using EditorConfig core...
shopping-cart-tutorial/api/controller/ProductController.js: {}
shopping-cart-tutorial/api/controller/ProductController.js: Using EditorConfig core...
shopping-cart-tutorial/api/controller/ProductController.js: Using EditorConfig core...
shopping-cart-tutorial/api/controller/ProductController.js: Using EditorConfig core...
shopping-cart-tutorial/api/controller/ProductController.js: {}
shopping-cart-tutorial/api/views/shopping/content.ejs: {}
shopping-cart-tutorial/api/views/shopping/content.ejs: Using EditorConfig core...
shopping-cart-tutorial/api/views/shopping/content.ejs: Using EditorConfig core...
shopping-cart-tutorial/api/views/shopping/content.ejs: Using EditorConfig core...
shopping-cart-tutorial/api/views/shopping/content.ejs: Using EditorConfig core...
shopping-cart-tutorial/api/views/shopping/content.ejs: Using EditorConfig core...
shopping-cart-tutorial/api/views/shopping/content.ejs: Using EditorConfig core...
shopping-cart-tutorial/api/views/shopping/content.ejs: Using EditorConfig core...
shopping-cart-tutorial/api/views/shopping/content.ejs: {}
shopping-cart-tutorial/api/views/shopping/content.ejs: {}
shopping-cart-tutorial/api/views/shopping/content.ejs: Using EditorConfig core...
shopping-cart-tutorial/api/views/shopping/content.ejs: Using EditorConfig core...
shopping-cart-tutorial/api/views/shopping/content.ejs: Using EditorConfig core...
shopping-cart-tutorial/api/views/shopping/content.ejs: Using EditorConfig core...
shopping-cart-tutorial/api/views/shopping/content.ejs: Using EditorConfig core...
shopping-cart-tutorial/api/views/shopping/content.ejs: Using EditorConfig core...
shopping-cart-tutorial/api/views/shopping/content.ejs: Using EditorConfig core...
shopping-cart-tutorial/api/views/shopping/content.ejs: Using EditorConfig core...
shopping-cart-tutorial/api/views/shopping/content.ejs: {}
shopping-cart-tutorial/api/views/shopping/content.ejs: {}
shopping-cart-tutorial/api/views/shopping/content.ejs: Using EditorConfig core...
shopping-cart-tutorial/api/views/shopping/content.ejs: Using EditorConfig core...
shopping-cart-tutorial/api/views/shopping/content.ejs: Using EditorConfig core...
shopping-cart-tutorial/api/views/shopping/content.ejs: Using EditorConfig core...
shopping-cart-tutorial/api/views/shopping/content.ejs: Using EditorConfig core...
shopping-cart-tutorial/api/views/shopping/content.ejs: Using EditorConfig core...
shopping-cart-tutorial/api/views/shopping/content.ejs: {}
shopping-cart-tutorial/api/views/shopping/content.ejs: Using EditorConfig core...
shopping-cart-tutorial/api/views/shopping/content.ejs: Using EditorConfig core...
shopping-cart-tutorial/api/views/shopping/content.ejs: Using EditorConfig core...
shopping-cart-tutorial/api/views/shopping/content.ejs: Using EditorConfig core...
shopping-cart-tutorial/api/views/shopping/content.ejs: Using EditorConfig core...
shopping-cart-tutorial/api/views/shopping/content.ejs: Using EditorConfig core...
shopping-cart-tutorial/api/views/shopping/content.ejs: Using EditorConfig core...
shopping-cart-tutorial/api/views/shopping/content.ejs: {}
shopping-cart-tutorial/api/views/shopping/content.ejs: Using EditorConfig core...
shopping-cart-tutorial/api/views/shopping/content.ejs: Using EditorConfig core...
shopping-cart-tutorial/api/views/shopping/content.ejs: Using EditorConfig core...
shopping-cart-tutorial/api/views/shopping/content.ejs: Using EditorConfig core...
shopping-cart-tutorial/api/views/shopping/content.ejs: Using EditorConfig core...
shopping-cart-tutorial/api/views/shopping/content.ejs: Using EditorConfig core...
shopping-cart-tutorial/api/views/shopping/content.ejs: {}
shopping-cart-tutorial/api/views/layout/layout.ejs: {}
shopping-cart-tutorial/api/views/layout/layout.ejs: Using EditorConfig core...
shopping-cart-tutorial/api/views/layout/layout.ejs: Using EditorConfig core...
shopping-cart-tutorial/api/views/layout/layout.ejs: Using EditorConfig core...
shopping-cart-tutorial/api/views/layout/layout.ejs: Using EditorConfig core...
shopping-cart-tutorial/api/views/layout/layout.ejs: Using EditorConfig core...
shopping-cart-tutorial/api/views/layout/layout.ejs: Using EditorConfig core...
shopping-cart-tutorial/api/views/layout/layout.ejs: Using EditorConfig core...
shopping-cart-tutorial/api/views/layout/layout.ejs: Using EditorConfig core...
shopping-cart-tutorial/api/views/layout/layout.ejs: {}
shopping-cart-tutorial/api/views/layout/layout.ejs: Using EditorConfig core...
shopping-cart-tutorial/api/views/layout/layout.ejs: Using EditorConfig core...
shopping-cart-tutorial/api/views/layout/layout.ejs: {}
shopping-cart-tutorial/api/views/layout/layout.ejs: Using EditorConfig core...
shopping-cart-tutorial/api/views/layout/layout.ejs: Using EditorConfig core...
shopping-cart-tutorial/api/views/layout/layout.ejs: Using EditorConfig core...
shopping-cart-tutorial/api/views/layout/layout.ejs: {}
shopping-cart-tutorial/api/views/layout/layout.ejs: Using EditorConfig core...
shopping-cart-tutorial/api/views/layout/layout.ejs: Using EditorConfig core...
shopping-cart-tutorial/api/views/layout/layout.ejs: Using EditorConfig core...
shopping-cart-tutorial/api/views/layout/layout.ejs: Using EditorConfig core...
shopping-cart-tutorial/api/views/layout/layout.ejs: {}
shopping-cart-tutorial/api/views/shopping/content.ejs: {}
shopping-cart-tutorial/api/controller/ProductController.js: {}
shopping-cart-tutorial/api/views/layout/layout.ejs: {}
shopping-cart-tutorial/api/views/layout/layout.ejs: Using EditorConfig core...
shopping-cart-tutorial/api/views/layout/layout.ejs: Using EditorConfig core...
shopping-cart-tutorial/api/views/layout/layout.ejs: {}
shopping-cart-tutorial/api/views/shopping/content.ejs: {}
shopping-cart-tutorial/api/controller/ProductController.js: {}
shopping-cart-tutorial/api/views/shopping/content.ejs: {}
shopping-cart-tutorial/api/views/layout/layout.ejs: {}
shopping-cart-tutorial/api/views/layout/layout.ejs: Using EditorConfig core...
shopping-cart-tutorial/api/views/layout/layout.ejs: Using EditorConfig core...
shopping-cart-tutorial/api/views/layout/layout.ejs: Using EditorConfig core...
shopping-cart-tutorial/api/views/layout/layout.ejs: Using EditorConfig core...
shopping-cart-tutorial/api/views/layout/layout.ejs: Using EditorConfig core...
shopping-cart-tutorial/api/views/layout/layout.ejs: Using EditorConfig core...
shopping-cart-tutorial/api/views/layout/layout.ejs: {}
shopping-cart-tutorial/api/views/layout/layout.ejs: {}
shopping-cart-tutorial/api/views/layout/layout.ejs: Using EditorConfig core...
shopping-cart-tutorial/api/views/layout/layout.ejs: Using EditorConfig core...
shopping-cart-tutorial/api/views/layout/layout.ejs: Using EditorConfig core...
shopping-cart-tutorial/api/views/layout/layout.ejs: Using EditorConfig core...
shopping-cart-tutorial/api/views/layout/layout.ejs: Using EditorConfig core...
shopping-cart-tutorial/api/views/layout/layout.ejs: Using EditorConfig core...
shopping-cart-tutorial/api/views/layout/layout.ejs: Using EditorConfig core...
shopping-cart-tutorial/api/views/layout/layout.ejs: Using EditorConfig core...
shopping-cart-tutorial/api/views/layout/layout.ejs: {}
shopping-cart-tutorial/api/views/layout/layout.ejs: {}
Untitled-1.txt: {}
shopping-cart-tutorial/api/views/layout/layout.ejs: {}
shopping-cart-tutorial/api/views/layout/layout.ejs: {}
shopping-cart-tutorial/api/views/layout/layout.ejs: Using EditorConfig core...
shopping-cart-tutorial/api/views/layout/layout.ejs: Using EditorConfig core...
shopping-cart-tutorial/api/views/layout/layout.ejs: Using EditorConfig core...
shopping-cart-tutorial/api/views/layout/layout.ejs: {}
shopping-cart-tutorial/api/views/layout/layout.ejs: Using EditorConfig core...
shopping-cart-tutorial/api/views/layout/layout.ejs: Using EditorConfig core...
shopping-cart-tutorial/api/views/layout/layout.ejs: Using EditorConfig core...
shopping-cart-tutorial/api/views/layout/layout.ejs: Using EditorConfig core...
shopping-cart-tutorial/api/views/layout/layout.ejs: Using EditorConfig core...
shopping-cart-tutorial/api/views/layout/layout.ejs: Using EditorConfig core...
shopping-cart-tutorial/api/views/layout/layout.ejs: Using EditorConfig core...
shopping-cart-tutorial/api/views/layout/layout.ejs: {}
Untitled-1.txt: {}
shopping-cart-tutorial/api/views/layout/layout.ejs: {}
shopping-cart-tutorial/api/views/shopping/content.ejs: {}
shopping-cart-tutorial/api/controller/ProductController.js: {}
shopping-cart-tutorial/api/views/shopping/content.ejs: {}
shopping-cart-tutorial/api/views/layout/layout.ejs: {}
Untitled-1.txt: {}
shopping-cart-tutorial/api/views/layout/layout.ejs: {}
shopping-cart-tutorial/api/views/layout/layout.ejs: Using EditorConfig core...
shopping-cart-tutorial/api/views/layout/layout.ejs: Using EditorConfig core...
shopping-cart-tutorial/api/views/layout/layout.ejs: Using EditorConfig core...
shopping-cart-tutorial/api/views/layout/layout.ejs: Using EditorConfig core...
shopping-cart-tutorial/api/views/layout/layout.ejs: Using EditorConfig core...
shopping-cart-tutorial/api/views/layout/layout.ejs: Using EditorConfig core...
shopping-cart-tutorial/api/views/layout/layout.ejs: Using EditorConfig core...
shopping-cart-tutorial/api/views/layout/layout.ejs: Using EditorConfig core...
shopping-cart-tutorial/api/views/layout/layout.ejs: Using EditorConfig core...
shopping-cart-tutorial/api/views/layout/layout.ejs: {}
shopping-cart-tutorial/api/views/layout/layout.ejs: Using EditorConfig core...
shopping-cart-tutorial/api/views/layout/layout.ejs: Using EditorConfig core...
shopping-cart-tutorial/api/views/layout/layout.ejs: Using EditorConfig core...
shopping-cart-tutorial/api/views/layout/layout.ejs: Using EditorConfig core...
shopping-cart-tutorial/api/views/layout/layout.ejs: Using EditorConfig core...
shopping-cart-tutorial/api/views/layout/layout.ejs: Using EditorConfig core...
shopping-cart-tutorial/api/views/layout/layout.ejs: {}
shopping-cart-tutorial/api/views/layout/layout.ejs: Using EditorConfig core...
shopping-cart-tutorial/api/views/layout/layout.ejs: Using EditorConfig core...
shopping-cart-tutorial/api/views/layout/layout.ejs: Using EditorConfig core...
shopping-cart-tutorial/api/views/layout/layout.ejs: Using EditorConfig core...
shopping-cart-tutorial/api/views/layout/layout.ejs: Using EditorConfig core...
shopping-cart-tutorial/api/views/layout/layout.ejs: Using EditorConfig core...
shopping-cart-tutorial/api/views/layout/layout.ejs: Using EditorConfig core...
shopping-cart-tutorial/api/views/layout/layout.ejs: Using EditorConfig core...
shopping-cart-tutorial/api/views/layout/layout.ejs: Using EditorConfig core...
shopping-cart-tutorial/api/views/layout/layout.ejs: Using EditorConfig core...
shopping-cart-tutorial/api/views/layout/layout.ejs: Using EditorConfig core...
shopping-cart-tutorial/api/views/layout/layout.ejs: Using EditorConfig core...
shopping-cart-tutorial/api/views/layout/layout.ejs: Using EditorConfig core...
shopping-cart-tutorial/api/views/layout/layout.ejs: {}
shopping-cart-tutorial/api/controller/ProductController.js: {}
shopping-cart-tutorial/api/controller/ProductController.js: Using EditorConfig core...
shopping-cart-tutorial/api/controller/ProductController.js: Using EditorConfig core...
shopping-cart-tutorial/api/controller/ProductController.js: Using EditorConfig core...
shopping-cart-tutorial/api/controller/ProductController.js: Using EditorConfig core...
shopping-cart-tutorial/api/routes/orders.js: {}
shopping-cart-tutorial/api/routes/products.js: {}
shopping-cart-tutorial/api/routes/orders.js: {}
shopping-cart-tutorial/api/routes/orders.js: {}
shopping-cart-tutorial/api/views/shopping/content.ejs: {}
shopping-cart-tutorial/api/controller/ProductController.js: {}
shopping-cart-tutorial/api/controller/ProductController.js: Using EditorConfig core...
shopping-cart-tutorial/api/controller/ProductController.js: Using EditorConfig core...
shopping-cart-tutorial/api/controller/ProductController.js: Using EditorConfig core...
shopping-cart-tutorial/api/controller/ProductController.js: Using EditorConfig core...
shopping-cart-tutorial/api/controller/ProductController.js: Using EditorConfig core...
shopping-cart-tutorial/api/controller/ProductController.js: {}
shopping-cart-tutorial/api/controller/ProductController.js: Using EditorConfig core...
shopping-cart-tutorial/api/controller/ProductController.js: Using EditorConfig core...
shopping-cart-tutorial/api/controller/ProductController.js: Using EditorConfig core...
shopping-cart-tutorial/api/controller/ProductController.js: Using EditorConfig core...
shopping-cart-tutorial/api/controller/ProductController.js: Using EditorConfig core...
shopping-cart-tutorial/api/routes/orders.js: {}
shopping-cart-tutorial/api/views/shopping/content.ejs: {}
shopping-cart-tutorial/api/views/layout/layout.ejs: {}
Untitled-1.txt: {}
shopping-cart-tutorial/api/views/layout/layout.ejs: {}
shopping-cart-tutorial/api/views/layout/layout.ejs: Using EditorConfig core...
shopping-cart-tutorial/api/views/layout/layout.ejs: Using EditorConfig core...
shopping-cart-tutorial/api/views/layout/layout.ejs: Using EditorConfig core...
shopping-cart-tutorial/api/views/layout/layout.ejs: Using EditorConfig core...
shopping-cart-tutorial/api/views/layout/layout.ejs: Using EditorConfig core...
shopping-cart-tutorial/api/views/layout/layout.ejs: Using EditorConfig core...
shopping-cart-tutorial/api/views/layout/layout.ejs: Using EditorConfig core...
shopping-cart-tutorial/api/views/layout/layout.ejs: Using EditorConfig core...
shopping-cart-tutorial/api/views/layout/layout.ejs: {}
shopping-cart-tutorial/api/views/shopping/content.ejs: {}
shopping-cart-tutorial/api/routes/orders.js: {}
Untitled-1.txt: {}
shopping-cart-tutorial/api/views/shopping/content.ejs: {}
shopping-cart-tutorial/api/views/layout/layout.ejs: {}
shopping-cart-tutorial/api/views/layout/layout.ejs: Using EditorConfig core...
shopping-cart-tutorial/api/views/layout/layout.ejs: Using EditorConfig core...
shopping-cart-tutorial/api/views/layout/layout.ejs: Using EditorConfig core...
shopping-cart-tutorial/api/views/layout/layout.ejs: Using EditorConfig core...
shopping-cart-tutorial/api/views/layout/layout.ejs: Using EditorConfig core...
shopping-cart-tutorial/api/views/layout/layout.ejs: Using EditorConfig core...
shopping-cart-tutorial/api/views/layout/layout.ejs: Using EditorConfig core...
shopping-cart-tutorial/api/views/layout/layout.ejs: {}
shopping-cart-tutorial/api/views/layout/layout.ejs: Using EditorConfig core...
shopping-cart-tutorial/api/views/layout/layout.ejs: Using EditorConfig core...
shopping-cart-tutorial/api/views/layout/layout.ejs: Using EditorConfig core...
shopping-cart-tutorial/api/views/layout/layout.ejs: Using EditorConfig core...
shopping-cart-tutorial/api/views/layout/layout.ejs: Using EditorConfig core...
shopping-cart-tutorial/api/views/layout/layout.ejs: Using EditorConfig core...
shopping-cart-tutorial/api/views/layout/layout.ejs: Using EditorConfig core...
shopping-cart-tutorial/api/views/layout/layout.ejs: Using EditorConfig core...
shopping-cart-tutorial/api/views/layout/layout.ejs: Using EditorConfig core...
shopping-cart-tutorial/api/views/layout/layout.ejs: Using EditorConfig core...
shopping-cart-tutorial/api/views/layout/layout.ejs: Using EditorConfig core...
shopping-cart-tutorial/api/views/layout/layout.ejs: Using EditorConfig core...
shopping-cart-tutorial/api/views/layout/layout.ejs: Using EditorConfig core...
shopping-cart-tutorial/api/views/layout/layout.ejs: Using EditorConfig core...
shopping-cart-tutorial/api/views/layout/layout.ejs: Using EditorConfig core...
shopping-cart-tutorial/api/views/layout/layout.ejs: Using EditorConfig core...
shopping-cart-tutorial/api/views/layout/layout.ejs: Using EditorConfig core...
shopping-cart-tutorial/api/views/layout/layout.ejs: Using EditorConfig core...
shopping-cart-tutorial/api/views/layout/layout.ejs: {}
shopping-cart-tutorial/api/views/layout/layout.ejs: Using EditorConfig core...
shopping-cart-tutorial/api/views/layout/layout.ejs: Using EditorConfig core...
shopping-cart-tutorial/api/views/layout/layout.ejs: Using EditorConfig core...
shopping-cart-tutorial/api/views/shopping/content.ejs: {}
shopping-cart-tutorial/api/routes/orders.js: {}
shopping-cart-tutorial/api/controller/ProductController.js: {}
shopping-cart-tutorial/api/controller/ProductController.js: {}
shopping-cart-tutorial/api/controller/ProductController.js: Using EditorConfig core...
shopping-cart-tutorial/api/controller/ProductController.js: Using EditorConfig core...
shopping-cart-tutorial/api/controller/ProductController.js: Using EditorConfig core...
shopping-cart-tutorial/api/controller/ProductController.js: Using EditorConfig core...
shopping-cart-tutorial/api/controller/ProductController.js: Using EditorConfig core...
shopping-cart-tutorial/api/controller/ProductController.js: Using EditorConfig core...
shopping-cart-tutorial/api/controller/ProductController.js: Using EditorConfig core...
shopping-cart-tutorial/api/controller/ProductController.js: Using EditorConfig core...
shopping-cart-tutorial/api/controller/ProductController.js: Using EditorConfig core...
shopping-cart-tutorial/api/controller/ProductController.js: Using EditorConfig core...
shopping-cart-tutorial/api/controller/ProductController.js: Using EditorConfig core...
shopping-cart-tutorial/api/controller/ProductController.js: Using EditorConfig core...
shopping-cart-tutorial/api/controller/ProductController.js: Using EditorConfig core...
shopping-cart-tutorial/api/controller/ProductController.js: Using EditorConfig core...
shopping-cart-tutorial/api/controller/ProductController.js: Using EditorConfig core...
shopping-cart-tutorial/api/controller/ProductController.js: Using EditorConfig core...
shopping-cart-tutorial/api/views/shopping/content.ejs: {}
shopping-cart-tutorial/api/views/layout/layout.ejs: {}
shopping-cart-tutorial/api/views/layout/layout.ejs: Using EditorConfig core...
shopping-cart-tutorial/api/views/layout/layout.ejs: Using EditorConfig core...
shopping-cart-tutorial/api/views/layout/layout.ejs: Using EditorConfig core...
shopping-cart-tutorial/api/views/layout/layout.ejs: Using EditorConfig core...
shopping-cart-tutorial/api/views/shopping/content.ejs: {}
shopping-cart-tutorial/api/views/shopping/content.ejs: Using EditorConfig core...
shopping-cart-tutorial/api/views/shopping/content.ejs: Using EditorConfig core...
shopping-cart-tutorial/api/controller/ProductController.js: {}
shopping-cart-tutorial/api/controller/ProductController.js: Using EditorConfig core...
shopping-cart-tutorial/api/controller/ProductController.js: Using EditorConfig core...
shopping-cart-tutorial/api/controller/ProductController.js: Using EditorConfig core...
shopping-cart-tutorial/api/controller/ProductController.js: Using EditorConfig core...
shopping-cart-tutorial/api/controller/ProductController.js: Using EditorConfig core...
shopping-cart-tutorial/api/controller/ProductController.js: {}
shopping-cart-tutorial/api/views/shopping/content.ejs: {}
shopping-cart-tutorial/api/views/shopping/content.ejs: Using EditorConfig core...
shopping-cart-tutorial/api/views/shopping/content.ejs: Using EditorConfig core...
shopping-cart-tutorial/api/views/shopping/content.ejs: Using EditorConfig core...
shopping-cart-tutorial/api/views/shopping/content.ejs: Using EditorConfig core...
shopping-cart-tutorial/api/views/shopping/content.ejs: {}
shopping-cart-tutorial/api/views/layout/layout.ejs: {}
shopping-cart-tutorial/api/views/layout/layout.ejs: Using EditorConfig core...
shopping-cart-tutorial/api/views/layout/layout.ejs: Using EditorConfig core...
shopping-cart-tutorial/api/views/layout/layout.ejs: Using EditorConfig core...
shopping-cart-tutorial/api/views/shopping/content.ejs: {}
shopping-cart-tutorial/api/views/shopping/content.ejs: Using EditorConfig core...
shopping-cart-tutorial/api/views/shopping/content.ejs: Using EditorConfig core...
shopping-cart-tutorial/api/views/shopping/content.ejs: Using EditorConfig core...
shopping-cart-tutorial/api/views/shopping/content.ejs: Using EditorConfig core...
shopping-cart-tutorial/api/views/shopping/content.ejs: {}
shopping-cart-tutorial/api/views/shopping/content.ejs: {}
shopping-cart-tutorial/api/views/shopping/content.ejs: {}
shopping-cart-tutorial/api/views/shopping/content.ejs: Using EditorConfig core...
shopping-cart-tutorial/api/views/shopping/content.ejs: Using EditorConfig core...
shopping-cart-tutorial/api/views/shopping/content.ejs: Using EditorConfig core...
shopping-cart-tutorial/api/views/shopping/content.ejs: Using EditorConfig core...
shopping-cart-tutorial/api/views/shopping/content.ejs: Using EditorConfig core...
shopping-cart-tutorial/api/views/shopping/content.ejs: Using EditorConfig core...
shopping-cart-tutorial/api/views/shopping/content.ejs: Using EditorConfig core...
shopping-cart-tutorial/api/views/shopping/content.ejs: {}
shopping-cart-tutorial/api/views/shopping/content.ejs: Using EditorConfig core...
shopping-cart-tutorial/api/views/shopping/content.ejs: Using EditorConfig core...
shopping-cart-tutorial/api/views/shopping/content.ejs: Using EditorConfig core...
shopping-cart-tutorial/api/views/shopping/content.ejs: {}
shopping-cart-tutorial/api/views/shopping/content.ejs: Using EditorConfig core...
shopping-cart-tutorial/api/views/shopping/content.ejs: Using EditorConfig core...
shopping-cart-tutorial/api/views/shopping/content.ejs: Using EditorConfig core...
shopping-cart-tutorial/api/views/shopping/content.ejs: Using EditorConfig core...
shopping-cart-tutorial/api/views/shopping/content.ejs: {}
shopping-cart-tutorial/api/views/shopping/content.ejs: Using EditorConfig core...
shopping-cart-tutorial/api/views/shopping/content.ejs: Using EditorConfig core...
shopping-cart-tutorial/api/views/shopping/content.ejs: Using EditorConfig core...
shopping-cart-tutorial/api/views/shopping/content.ejs: Using EditorConfig core...
shopping-cart-tutorial/api/views/shopping/content.ejs: Using EditorConfig core...
shopping-cart-tutorial/api/views/shopping/content.ejs: Using EditorConfig core...
shopping-cart-tutorial/api/views/shopping/content.ejs: Using EditorConfig core...
shopping-cart-tutorial/api/views/shopping/content.ejs: Using EditorConfig core...
shopping-cart-tutorial/api/views/shopping/content.ejs: Using EditorConfig core...
shopping-cart-tutorial/api/views/shopping/content.ejs: {}
shopping-cart-tutorial/api/views/shopping/content.ejs: Using EditorConfig core...
shopping-cart-tutorial/api/views/shopping/content.ejs: Using EditorConfig core...
shopping-cart-tutorial/api/views/shopping/content.ejs: Using EditorConfig core...
shopping-cart-tutorial/api/views/shopping/content.ejs: Using EditorConfig core...
shopping-cart-tutorial/api/views/shopping/content.ejs: Using EditorConfig core...
shopping-cart-tutorial/api/views/shopping/content.ejs: {}
shopping-cart-tutorial/api/views/shopping/content.ejs: Using EditorConfig core...
shopping-cart-tutorial/api/views/shopping/content.ejs: Using EditorConfig core...
shopping-cart-tutorial/api/views/shopping/content.ejs: Using EditorConfig core...
shopping-cart-tutorial/api/views/shopping/content.ejs: Using EditorConfig core...
shopping-cart-tutorial/api/views/shopping/content.ejs: {}
shopping-cart-tutorial/api/views/shopping/content.ejs: Using EditorConfig core...
shopping-cart-tutorial/api/views/shopping/content.ejs: Using EditorConfig core...
shopping-cart-tutorial/api/views/shopping/content.ejs: Using EditorConfig core...
shopping-cart-tutorial/api/views/shopping/content.ejs: Using EditorConfig core...
shopping-cart-tutorial/api/views/shopping/content.ejs: Using EditorConfig core...
shopping-cart-tutorial/api/views/shopping/content.ejs: {}
shopping-cart-tutorial/api/views/shopping/content.ejs: Using EditorConfig core...
shopping-cart-tutorial/api/views/shopping/content.ejs: Using EditorConfig core...
shopping-cart-tutorial/api/views/shopping/content.ejs: Using EditorConfig core...
shopping-cart-tutorial/api/views/shopping/content.ejs: Using EditorConfig core...
shopping-cart-tutorial/api/views/shopping/content.ejs: {}
shopping-cart-tutorial/api/views/shopping/content.ejs: Using EditorConfig core...
shopping-cart-tutorial/api/views/shopping/content.ejs: Using EditorConfig core...
shopping-cart-tutorial/api/views/shopping/content.ejs: Using EditorConfig core...
shopping-cart-tutorial/api/views/shopping/content.ejs: Using EditorConfig core...
shopping-cart-tutorial/api/views/shopping/content.ejs: {}
shopping-cart-tutorial/api/views/shopping/content.ejs: Using EditorConfig core...
shopping-cart-tutorial/api/views/shopping/content.ejs: Using EditorConfig core...
shopping-cart-tutorial/api/views/shopping/content.ejs: Using EditorConfig core...
shopping-cart-tutorial/api/views/shopping/content.ejs: Using EditorConfig core...
shopping-cart-tutorial/api/views/shopping/content.ejs: {}
shopping-cart-tutorial/api/controller/ProductController.js: {}
shopping-cart-tutorial/api/controller/ProductController.js: Using EditorConfig core...
shopping-cart-tutorial/api/controller/ProductController.js: Using EditorConfig core...
shopping-cart-tutorial/api/controller/ProductController.js: Using EditorConfig core...
shopping-cart-tutorial/api/controller/ProductController.js: Using EditorConfig core...
shopping-cart-tutorial/api/controller/ProductController.js: Using EditorConfig core...
shopping-cart-tutorial/api/controller/ProductController.js: Using EditorConfig core...
shopping-cart-tutorial/api/controller/ProductController.js: Using EditorConfig core...
shopping-cart-tutorial/api/controller/ProductController.js: Using EditorConfig core...
shopping-cart-tutorial/api/controller/ProductController.js: Using EditorConfig core...
shopping-cart-tutorial/api/controller/ProductController.js: {}
shopping-cart-tutorial/api/controller/ProductController.js: Using EditorConfig core...
shopping-cart-tutorial/api/controller/ProductController.js: Using EditorConfig core...
shopping-cart-tutorial/api/controller/ProductController.js: Using EditorConfig core...
shopping-cart-tutorial/api/controller/ProductController.js: Using EditorConfig core...
shopping-cart-tutorial/api/controller/ProductController.js: Using EditorConfig core...
shopping-cart-tutorial/api/controller/ProductController.js: Using EditorConfig core...
shopping-cart-tutorial/api/controller/ProductController.js: Using EditorConfig core...
shopping-cart-tutorial/api/controller/ProductController.js: Using EditorConfig core...
shopping-cart-tutorial/api/controller/ProductController.js: Using EditorConfig core...
shopping-cart-tutorial/api/controller/ProductController.js: {}
shopping-cart-tutorial/api/views/shopping/content.ejs: {}
shopping-cart-tutorial/api/views/shopping/content.ejs: Using EditorConfig core...
shopping-cart-tutorial/api/views/shopping/content.ejs: Using EditorConfig core...
shopping-cart-tutorial/api/views/shopping/content.ejs: Using EditorConfig core...
shopping-cart-tutorial/api/views/shopping/content.ejs: Using EditorConfig core...
shopping-cart-tutorial/api/views/shopping/content.ejs: Using EditorConfig core...
shopping-cart-tutorial/api/views/shopping/content.ejs: Using EditorConfig core...
shopping-cart-tutorial/api/views/shopping/content.ejs: {}
shopping-cart-tutorial/api/views/shopping/content.ejs: Using EditorConfig core...
shopping-cart-tutorial/api/views/shopping/content.ejs: Using EditorConfig core...
shopping-cart-tutorial/api/views/shopping/content.ejs: Using EditorConfig core...
shopping-cart-tutorial/api/views/shopping/content.ejs: Using EditorConfig core...
shopping-cart-tutorial/api/views/shopping/content.ejs: Using EditorConfig core...
shopping-cart-tutorial/api/views/shopping/content.ejs: {}
shopping-cart-tutorial/api/views/shopping/content.ejs: Using EditorConfig core...
shopping-cart-tutorial/api/views/shopping/content.ejs: Using EditorConfig core...
shopping-cart-tutorial/api/views/shopping/content.ejs: Using EditorConfig core...
shopping-cart-tutorial/api/views/shopping/content.ejs: Using EditorConfig core...
shopping-cart-tutorial/api/views/shopping/content.ejs: Using EditorConfig core...
shopping-cart-tutorial/api/views/shopping/content.ejs: {}
shopping-cart-tutorial/api/views/shopping/content.ejs: Using EditorConfig core...
shopping-cart-tutorial/api/views/shopping/content.ejs: Using EditorConfig core...
shopping-cart-tutorial/api/views/shopping/content.ejs: Using EditorConfig core...
shopping-cart-tutorial/api/views/shopping/content.ejs: Using EditorConfig core...
shopping-cart-tutorial/api/views/shopping/content.ejs: Using EditorConfig core...
shopping-cart-tutorial/api/views/shopping/content.ejs: Using EditorConfig core...
shopping-cart-tutorial/api/views/shopping/content.ejs: {}
shopping-cart-tutorial/api/views/shopping/content.ejs: Using EditorConfig core...
shopping-cart-tutorial/api/views/shopping/content.ejs: Using EditorConfig core...
shopping-cart-tutorial/api/views/shopping/content.ejs: Using EditorConfig core...
shopping-cart-tutorial/api/views/shopping/content.ejs: {}
shopping-cart-tutorial/api/views/shopping/content.ejs: Using EditorConfig core...
shopping-cart-tutorial/api/views/shopping/content.ejs: Using EditorConfig core...
shopping-cart-tutorial/api/views/shopping/content.ejs: {}
shopping-cart-tutorial/api/views/shopping/content.ejs: Using EditorConfig core...
shopping-cart-tutorial/api/views/shopping/content.ejs: {}
shopping-cart-tutorial/api/controller/ProductController.js: {}
shopping-cart-tutorial/api/controller/ProductController.js: Using EditorConfig core...
shopping-cart-tutorial/api/controller/ProductController.js: Using EditorConfig core...
shopping-cart-tutorial/api/controller/ProductController.js: Using EditorConfig core...
shopping-cart-tutorial/api/controller/ProductController.js: Using EditorConfig core...
shopping-cart-tutorial/api/controller/ProductController.js: Using EditorConfig core...
shopping-cart-tutorial/api/controller/ProductController.js: Using EditorConfig core...
shopping-cart-tutorial/api/controller/ProductController.js: Using EditorConfig core...
